[0.657s] DEBUG:colcon:Command line arguments: ['/usr/bin/colcon', 'build', '--symlink-install']
[0.657s] DEBUG:colcon:Parsed command line arguments: Namespace(allow_overriding=[], ament_cmake_args=None, base_paths=['.'], build_base='build', catkin_cmake_args=None, catkin_skip_building_tests=False, cmake_args=None, cmake_clean_cache=False, cmake_clean_first=False, cmake_force_configure=False, cmake_target=None, cmake_target_skip_unavailable=False, continue_on_error=False, event_handlers=None, executor='parallel', ignore_user_meta=False, install_base='install', log_base=None, log_level=None, main=<bound method BuildVerb.main of <colcon_core.verb.build.BuildVerb object at 0x7f3ac1ec41c0>>, merge_install=False, metas=['./colcon.meta'], packages_above=None, packages_above_and_dependencies=None, packages_above_depth=None, packages_end=None, packages_ignore=None, packages_ignore_regex=None, packages_select=None, packages_select_build_failed=False, packages_select_by_dep=None, packages_select_regex=None, packages_select_test_failures=False, packages_skip=None, packages_skip_build_finished=False, packages_skip_by_dep=None, packages_skip_regex=None, packages_skip_test_passed=False, packages_skip_up_to=None, packages_start=None, packages_up_to=None, packages_up_to_regex=None, parallel_workers=20, paths=None, symlink_install=True, test_result_base=None, verb_extension=<colcon_core.verb.build.BuildVerb object at 0x7f3ac1ec41c0>, verb_name='build', verb_parser=<colcon_defaults.argument_parser.defaults.DefaultArgumentsDecorator object at 0x7f3ac1d9a490>)
[0.843s] Level 1:colcon.colcon_core.package_discovery:discover_packages(colcon_meta) check parameters
[0.844s] Level 1:colcon.colcon_core.package_discovery:discover_packages(recursive) check parameters
[0.844s] Level 1:colcon.colcon_core.package_discovery:discover_packages(ignore) check parameters
[0.844s] Level 1:colcon.colcon_core.package_discovery:discover_packages(path) check parameters
[0.844s] Level 1:colcon.colcon_core.package_discovery:discover_packages(colcon_meta) discover
[0.844s] Level 1:colcon.colcon_core.package_discovery:discover_packages(recursive) discover
[0.844s] INFO:colcon.colcon_core.package_discovery:Crawling recursively for packages in '/workspace/ros2_ws/src/airhockey2025'
[0.844s] Level 1:colcon.colcon_core.package_identification:_identify(.) by extensions ['ignore', 'ignore_ament_install']
[0.845s] Level 1:colcon.colcon_core.package_identification:_identify(.) by extension 'ignore'
[0.845s] Level 1:colcon.colcon_core.package_identification:_identify(.) by extension 'ignore_ament_install'
[0.845s] Level 1:colcon.colcon_core.package_identification:_identify(.) by extensions ['colcon_pkg']
[0.845s] Level 1:colcon.colcon_core.package_identification:_identify(.) by extension 'colcon_pkg'
[0.846s] Level 1:colcon.colcon_core.package_identification:_identify(.) by extensions ['colcon_meta']
[0.846s] Level 1:colcon.colcon_core.package_identification:_identify(.) by extension 'colcon_meta'
[0.846s] Level 1:colcon.colcon_core.package_identification:_identify(.) by extensions ['ros']
[0.846s] Level 1:colcon.colcon_core.package_identification:_identify(.) by extension 'ros'
[0.901s] Level 1:colcon.colcon_core.package_identification:_identify(.) by extensions ['cmake', 'python']
[0.901s] Level 1:colcon.colcon_core.package_identification:_identify(.) by extension 'cmake'
[0.901s] Level 1:colcon.colcon_core.package_identification:_identify(.) by extension 'python'
[0.901s] Level 1:colcon.colcon_core.package_identification:_identify(.) by extensions ['python_setup_py']
[0.901s] Level 1:colcon.colcon_core.package_identification:_identify(.) by extension 'python_setup_py'
[0.901s] Level 1:colcon.colcon_core.package_identification:_identify(build) by extensions ['ignore', 'ignore_ament_install']
[0.901s] Level 1:colcon.colcon_core.package_identification:_identify(build) by extension 'ignore'
[0.901s] Level 1:colcon.colcon_core.package_identification:_identify(build) ignored
[0.902s] Level 1:colcon.colcon_core.package_identification:_identify(dockerfile_5_2) by extensions ['ignore', 'ignore_ament_install']
[0.902s] Level 1:colcon.colcon_core.package_identification:_identify(dockerfile_5_2) by extension 'ignore'
[0.902s] Level 1:colcon.colcon_core.package_identification:_identify(dockerfile_5_2) by extension 'ignore_ament_install'
[0.902s] Level 1:colcon.colcon_core.package_identification:_identify(dockerfile_5_2) by extensions ['colcon_pkg']
[0.902s] Level 1:colcon.colcon_core.package_identification:_identify(dockerfile_5_2) by extension 'colcon_pkg'
[0.902s] Level 1:colcon.colcon_core.package_identification:_identify(dockerfile_5_2) by extensions ['colcon_meta']
[0.902s] Level 1:colcon.colcon_core.package_identification:_identify(dockerfile_5_2) by extension 'colcon_meta'
[0.902s] Level 1:colcon.colcon_core.package_identification:_identify(dockerfile_5_2) by extensions ['ros']
[0.902s] Level 1:colcon.colcon_core.package_identification:_identify(dockerfile_5_2) by extension 'ros'
[0.902s] Level 1:colcon.colcon_core.package_identification:_identify(dockerfile_5_2) by extensions ['cmake', 'python']
[0.903s] Level 1:colcon.colcon_core.package_identification:_identify(dockerfile_5_2) by extension 'cmake'
[0.903s] Level 1:colcon.colcon_core.package_identification:_identify(dockerfile_5_2) by extension 'python'
[0.903s] Level 1:colcon.colcon_core.package_identification:_identify(dockerfile_5_2) by extensions ['python_setup_py']
[0.903s] Level 1:colcon.colcon_core.package_identification:_identify(dockerfile_5_2) by extension 'python_setup_py'
[0.903s] Level 1:colcon.colcon_core.package_identification:_identify(install) by extensions ['ignore', 'ignore_ament_install']
[0.903s] Level 1:colcon.colcon_core.package_identification:_identify(install) by extension 'ignore'
[0.903s] Level 1:colcon.colcon_core.package_identification:_identify(install) ignored
[0.903s] Level 1:colcon.colcon_core.package_identification:_identify(izumi) by extensions ['ignore', 'ignore_ament_install']
[0.903s] Level 1:colcon.colcon_core.package_identification:_identify(izumi) by extension 'ignore'
[0.904s] Level 1:colcon.colcon_core.package_identification:_identify(izumi) by extension 'ignore_ament_install'
[0.904s] Level 1:colcon.colcon_core.package_identification:_identify(izumi) by extensions ['colcon_pkg']
[0.904s] Level 1:colcon.colcon_core.package_identification:_identify(izumi) by extension 'colcon_pkg'
[0.904s] Level 1:colcon.colcon_core.package_identification:_identify(izumi) by extensions ['colcon_meta']
[0.904s] Level 1:colcon.colcon_core.package_identification:_identify(izumi) by extension 'colcon_meta'
[0.904s] Level 1:colcon.colcon_core.package_identification:_identify(izumi) by extensions ['ros']
[0.904s] Level 1:colcon.colcon_core.package_identification:_identify(izumi) by extension 'ros'
[0.904s] Level 1:colcon.colcon_core.package_identification:_identify(izumi) by extensions ['cmake', 'python']
[0.904s] Level 1:colcon.colcon_core.package_identification:_identify(izumi) by extension 'cmake'
[0.904s] Level 1:colcon.colcon_core.package_identification:_identify(izumi) by extension 'python'
[0.904s] Level 1:colcon.colcon_core.package_identification:_identify(izumi) by extensions ['python_setup_py']
[0.904s] Level 1:colcon.colcon_core.package_identification:_identify(izumi) by extension 'python_setup_py'
[0.904s] Level 1:colcon.colcon_core.package_identification:_identify(izumi/assets) by extensions ['ignore', 'ignore_ament_install']
[0.904s] Level 1:colcon.colcon_core.package_identification:_identify(izumi/assets) by extension 'ignore'
[0.904s] Level 1:colcon.colcon_core.package_identification:_identify(izumi/assets) by extension 'ignore_ament_install'
[0.904s] Level 1:colcon.colcon_core.package_identification:_identify(izumi/assets) by extensions ['colcon_pkg']
[0.905s] Level 1:colcon.colcon_core.package_identification:_identify(izumi/assets) by extension 'colcon_pkg'
[0.905s] Level 1:colcon.colcon_core.package_identification:_identify(izumi/assets) by extensions ['colcon_meta']
[0.905s] Level 1:colcon.colcon_core.package_identification:_identify(izumi/assets) by extension 'colcon_meta'
[0.905s] Level 1:colcon.colcon_core.package_identification:_identify(izumi/assets) by extensions ['ros']
[0.905s] Level 1:colcon.colcon_core.package_identification:_identify(izumi/assets) by extension 'ros'
[0.905s] Level 1:colcon.colcon_core.package_identification:_identify(izumi/assets) by extensions ['cmake', 'python']
[0.905s] Level 1:colcon.colcon_core.package_identification:_identify(izumi/assets) by extension 'cmake'
[0.905s] Level 1:colcon.colcon_core.package_identification:_identify(izumi/assets) by extension 'python'
[0.905s] Level 1:colcon.colcon_core.package_identification:_identify(izumi/assets) by extensions ['python_setup_py']
[0.905s] Level 1:colcon.colcon_core.package_identification:_identify(izumi/assets) by extension 'python_setup_py'
[0.905s] Level 1:colcon.colcon_core.package_identification:_identify(izumi/assets/iiwas) by extensions ['ignore', 'ignore_ament_install']
[0.905s] Level 1:colcon.colcon_core.package_identification:_identify(izumi/assets/iiwas) by extension 'ignore'
[0.905s] Level 1:colcon.colcon_core.package_identification:_identify(izumi/assets/iiwas) by extension 'ignore_ament_install'
[0.905s] Level 1:colcon.colcon_core.package_identification:_identify(izumi/assets/iiwas) by extensions ['colcon_pkg']
[0.905s] Level 1:colcon.colcon_core.package_identification:_identify(izumi/assets/iiwas) by extension 'colcon_pkg'
[0.905s] Level 1:colcon.colcon_core.package_identification:_identify(izumi/assets/iiwas) by extensions ['colcon_meta']
[0.906s] Level 1:colcon.colcon_core.package_identification:_identify(izumi/assets/iiwas) by extension 'colcon_meta'
[0.906s] Level 1:colcon.colcon_core.package_identification:_identify(izumi/assets/iiwas) by extensions ['ros']
[0.906s] Level 1:colcon.colcon_core.package_identification:_identify(izumi/assets/iiwas) by extension 'ros'
[0.906s] Level 1:colcon.colcon_core.package_identification:_identify(izumi/assets/iiwas) by extensions ['cmake', 'python']
[0.906s] Level 1:colcon.colcon_core.package_identification:_identify(izumi/assets/iiwas) by extension 'cmake'
[0.906s] Level 1:colcon.colcon_core.package_identification:_identify(izumi/assets/iiwas) by extension 'python'
[0.906s] Level 1:colcon.colcon_core.package_identification:_identify(izumi/assets/iiwas) by extensions ['python_setup_py']
[0.906s] Level 1:colcon.colcon_core.package_identification:_identify(izumi/assets/iiwas) by extension 'python_setup_py'
[0.906s] Level 1:colcon.colcon_core.package_identification:_identify(ka) by extensions ['ignore', 'ignore_ament_install']
[0.906s] Level 1:colcon.colcon_core.package_identification:_identify(ka) by extension 'ignore'
[0.906s] Level 1:colcon.colcon_core.package_identification:_identify(ka) by extension 'ignore_ament_install'
[0.906s] Level 1:colcon.colcon_core.package_identification:_identify(ka) by extensions ['colcon_pkg']
[0.906s] Level 1:colcon.colcon_core.package_identification:_identify(ka) by extension 'colcon_pkg'
[0.906s] Level 1:colcon.colcon_core.package_identification:_identify(ka) by extensions ['colcon_meta']
[0.906s] Level 1:colcon.colcon_core.package_identification:_identify(ka) by extension 'colcon_meta'
[0.906s] Level 1:colcon.colcon_core.package_identification:_identify(ka) by extensions ['ros']
[0.906s] Level 1:colcon.colcon_core.package_identification:_identify(ka) by extension 'ros'
[0.907s] Level 1:colcon.colcon_core.package_identification:_identify(ka) by extensions ['cmake', 'python']
[0.907s] Level 1:colcon.colcon_core.package_identification:_identify(ka) by extension 'cmake'
[0.907s] Level 1:colcon.colcon_core.package_identification:_identify(ka) by extension 'python'
[0.907s] Level 1:colcon.colcon_core.package_identification:_identify(ka) by extensions ['python_setup_py']
[0.907s] Level 1:colcon.colcon_core.package_identification:_identify(ka) by extension 'python_setup_py'
[0.907s] Level 1:colcon.colcon_core.package_identification:_identify(ka/assets) by extensions ['ignore', 'ignore_ament_install']
[0.907s] Level 1:colcon.colcon_core.package_identification:_identify(ka/assets) by extension 'ignore'
[0.907s] Level 1:colcon.colcon_core.package_identification:_identify(ka/assets) by extension 'ignore_ament_install'
[0.907s] Level 1:colcon.colcon_core.package_identification:_identify(ka/assets) by extensions ['colcon_pkg']
[0.907s] Level 1:colcon.colcon_core.package_identification:_identify(ka/assets) by extension 'colcon_pkg'
[0.907s] Level 1:colcon.colcon_core.package_identification:_identify(ka/assets) by extensions ['colcon_meta']
[0.907s] Level 1:colcon.colcon_core.package_identification:_identify(ka/assets) by extension 'colcon_meta'
[0.907s] Level 1:colcon.colcon_core.package_identification:_identify(ka/assets) by extensions ['ros']
[0.907s] Level 1:colcon.colcon_core.package_identification:_identify(ka/assets) by extension 'ros'
[0.907s] Level 1:colcon.colcon_core.package_identification:_identify(ka/assets) by extensions ['cmake', 'python']
[0.907s] Level 1:colcon.colcon_core.package_identification:_identify(ka/assets) by extension 'cmake'
[0.908s] Level 1:colcon.colcon_core.package_identification:_identify(ka/assets) by extension 'python'
[0.908s] Level 1:colcon.colcon_core.package_identification:_identify(ka/assets) by extensions ['python_setup_py']
[0.908s] Level 1:colcon.colcon_core.package_identification:_identify(ka/assets) by extension 'python_setup_py'
[0.908s] Level 1:colcon.colcon_core.package_identification:_identify(ka/assets/iiwas) by extensions ['ignore', 'ignore_ament_install']
[0.908s] Level 1:colcon.colcon_core.package_identification:_identify(ka/assets/iiwas) by extension 'ignore'
[0.908s] Level 1:colcon.colcon_core.package_identification:_identify(ka/assets/iiwas) by extension 'ignore_ament_install'
[0.908s] Level 1:colcon.colcon_core.package_identification:_identify(ka/assets/iiwas) by extensions ['colcon_pkg']
[0.908s] Level 1:colcon.colcon_core.package_identification:_identify(ka/assets/iiwas) by extension 'colcon_pkg'
[0.908s] Level 1:colcon.colcon_core.package_identification:_identify(ka/assets/iiwas) by extensions ['colcon_meta']
[0.908s] Level 1:colcon.colcon_core.package_identification:_identify(ka/assets/iiwas) by extension 'colcon_meta'
[0.908s] Level 1:colcon.colcon_core.package_identification:_identify(ka/assets/iiwas) by extensions ['ros']
[0.908s] Level 1:colcon.colcon_core.package_identification:_identify(ka/assets/iiwas) by extension 'ros'
[0.908s] Level 1:colcon.colcon_core.package_identification:_identify(ka/assets/iiwas) by extensions ['cmake', 'python']
[0.908s] Level 1:colcon.colcon_core.package_identification:_identify(ka/assets/iiwas) by extension 'cmake'
[0.908s] Level 1:colcon.colcon_core.package_identification:_identify(ka/assets/iiwas) by extension 'python'
[0.908s] Level 1:colcon.colcon_core.package_identification:_identify(ka/assets/iiwas) by extensions ['python_setup_py']
[0.908s] Level 1:colcon.colcon_core.package_identification:_identify(ka/assets/iiwas) by extension 'python_setup_py'
[0.909s] Level 1:colcon.colcon_core.package_identification:_identify(ka/assets/iiwas/assets) by extensions ['ignore', 'ignore_ament_install']
[0.909s] Level 1:colcon.colcon_core.package_identification:_identify(ka/assets/iiwas/assets) by extension 'ignore'
[0.909s] Level 1:colcon.colcon_core.package_identification:_identify(ka/assets/iiwas/assets) by extension 'ignore_ament_install'
[0.909s] Level 1:colcon.colcon_core.package_identification:_identify(ka/assets/iiwas/assets) by extensions ['colcon_pkg']
[0.909s] Level 1:colcon.colcon_core.package_identification:_identify(ka/assets/iiwas/assets) by extension 'colcon_pkg'
[0.909s] Level 1:colcon.colcon_core.package_identification:_identify(ka/assets/iiwas/assets) by extensions ['colcon_meta']
[0.909s] Level 1:colcon.colcon_core.package_identification:_identify(ka/assets/iiwas/assets) by extension 'colcon_meta'
[0.909s] Level 1:colcon.colcon_core.package_identification:_identify(ka/assets/iiwas/assets) by extensions ['ros']
[0.909s] Level 1:colcon.colcon_core.package_identification:_identify(ka/assets/iiwas/assets) by extension 'ros'
[0.909s] Level 1:colcon.colcon_core.package_identification:_identify(ka/assets/iiwas/assets) by extensions ['cmake', 'python']
[0.909s] Level 1:colcon.colcon_core.package_identification:_identify(ka/assets/iiwas/assets) by extension 'cmake'
[0.909s] Level 1:colcon.colcon_core.package_identification:_identify(ka/assets/iiwas/assets) by extension 'python'
[0.909s] Level 1:colcon.colcon_core.package_identification:_identify(ka/assets/iiwas/assets) by extensions ['python_setup_py']
[0.909s] Level 1:colcon.colcon_core.package_identification:_identify(ka/assets/iiwas/assets) by extension 'python_setup_py'
[0.910s] Level 1:colcon.colcon_core.package_identification:_identify(ka/assets/iiwas/meshes) by extensions ['ignore', 'ignore_ament_install']
[0.910s] Level 1:colcon.colcon_core.package_identification:_identify(ka/assets/iiwas/meshes) by extension 'ignore'
[0.910s] Level 1:colcon.colcon_core.package_identification:_identify(ka/assets/iiwas/meshes) by extension 'ignore_ament_install'
[0.910s] Level 1:colcon.colcon_core.package_identification:_identify(ka/assets/iiwas/meshes) by extensions ['colcon_pkg']
[0.910s] Level 1:colcon.colcon_core.package_identification:_identify(ka/assets/iiwas/meshes) by extension 'colcon_pkg'
[0.910s] Level 1:colcon.colcon_core.package_identification:_identify(ka/assets/iiwas/meshes) by extensions ['colcon_meta']
[0.910s] Level 1:colcon.colcon_core.package_identification:_identify(ka/assets/iiwas/meshes) by extension 'colcon_meta'
[0.910s] Level 1:colcon.colcon_core.package_identification:_identify(ka/assets/iiwas/meshes) by extensions ['ros']
[0.910s] Level 1:colcon.colcon_core.package_identification:_identify(ka/assets/iiwas/meshes) by extension 'ros'
[0.910s] Level 1:colcon.colcon_core.package_identification:_identify(ka/assets/iiwas/meshes) by extensions ['cmake', 'python']
[0.910s] Level 1:colcon.colcon_core.package_identification:_identify(ka/assets/iiwas/meshes) by extension 'cmake'
[0.910s] Level 1:colcon.colcon_core.package_identification:_identify(ka/assets/iiwas/meshes) by extension 'python'
[0.910s] Level 1:colcon.colcon_core.package_identification:_identify(ka/assets/iiwas/meshes) by extensions ['python_setup_py']
[0.910s] Level 1:colcon.colcon_core.package_identification:_identify(ka/assets/iiwas/meshes) by extension 'python_setup_py'
[0.910s] Level 1:colcon.colcon_core.package_identification:_identify(ka/assets/iiwas/meshes/collision) by extensions ['ignore', 'ignore_ament_install']
[0.911s] Level 1:colcon.colcon_core.package_identification:_identify(ka/assets/iiwas/meshes/collision) by extension 'ignore'
[0.911s] Level 1:colcon.colcon_core.package_identification:_identify(ka/assets/iiwas/meshes/collision) by extension 'ignore_ament_install'
[0.911s] Level 1:colcon.colcon_core.package_identification:_identify(ka/assets/iiwas/meshes/collision) by extensions ['colcon_pkg']
[0.911s] Level 1:colcon.colcon_core.package_identification:_identify(ka/assets/iiwas/meshes/collision) by extension 'colcon_pkg'
[0.911s] Level 1:colcon.colcon_core.package_identification:_identify(ka/assets/iiwas/meshes/collision) by extensions ['colcon_meta']
[0.911s] Level 1:colcon.colcon_core.package_identification:_identify(ka/assets/iiwas/meshes/collision) by extension 'colcon_meta'
[0.911s] Level 1:colcon.colcon_core.package_identification:_identify(ka/assets/iiwas/meshes/collision) by extensions ['ros']
[0.911s] Level 1:colcon.colcon_core.package_identification:_identify(ka/assets/iiwas/meshes/collision) by extension 'ros'
[0.911s] Level 1:colcon.colcon_core.package_identification:_identify(ka/assets/iiwas/meshes/collision) by extensions ['cmake', 'python']
[0.911s] Level 1:colcon.colcon_core.package_identification:_identify(ka/assets/iiwas/meshes/collision) by extension 'cmake'
[0.911s] Level 1:colcon.colcon_core.package_identification:_identify(ka/assets/iiwas/meshes/collision) by extension 'python'
[0.911s] Level 1:colcon.colcon_core.package_identification:_identify(ka/assets/iiwas/meshes/collision) by extensions ['python_setup_py']
[0.911s] Level 1:colcon.colcon_core.package_identification:_identify(ka/assets/iiwas/meshes/collision) by extension 'python_setup_py'
[0.911s] Level 1:colcon.colcon_core.package_identification:_identify(ka/assets/iiwas/meshes/striker) by extensions ['ignore', 'ignore_ament_install']
[0.912s] Level 1:colcon.colcon_core.package_identification:_identify(ka/assets/iiwas/meshes/striker) by extension 'ignore'
[0.912s] Level 1:colcon.colcon_core.package_identification:_identify(ka/assets/iiwas/meshes/striker) by extension 'ignore_ament_install'
[0.912s] Level 1:colcon.colcon_core.package_identification:_identify(ka/assets/iiwas/meshes/striker) by extensions ['colcon_pkg']
[0.912s] Level 1:colcon.colcon_core.package_identification:_identify(ka/assets/iiwas/meshes/striker) by extension 'colcon_pkg'
[0.912s] Level 1:colcon.colcon_core.package_identification:_identify(ka/assets/iiwas/meshes/striker) by extensions ['colcon_meta']
[0.912s] Level 1:colcon.colcon_core.package_identification:_identify(ka/assets/iiwas/meshes/striker) by extension 'colcon_meta'
[0.912s] Level 1:colcon.colcon_core.package_identification:_identify(ka/assets/iiwas/meshes/striker) by extensions ['ros']
[0.912s] Level 1:colcon.colcon_core.package_identification:_identify(ka/assets/iiwas/meshes/striker) by extension 'ros'
[0.912s] Level 1:colcon.colcon_core.package_identification:_identify(ka/assets/iiwas/meshes/striker) by extensions ['cmake', 'python']
[0.912s] Level 1:colcon.colcon_core.package_identification:_identify(ka/assets/iiwas/meshes/striker) by extension 'cmake'
[0.912s] Level 1:colcon.colcon_core.package_identification:_identify(ka/assets/iiwas/meshes/striker) by extension 'python'
[0.912s] Level 1:colcon.colcon_core.package_identification:_identify(ka/assets/iiwas/meshes/striker) by extensions ['python_setup_py']
[0.912s] Level 1:colcon.colcon_core.package_identification:_identify(ka/assets/iiwas/meshes/striker) by extension 'python_setup_py'
[0.912s] Level 1:colcon.colcon_core.package_identification:_identify(ka/assets/iiwas/meshes/striker/collision) by extensions ['ignore', 'ignore_ament_install']
[0.912s] Level 1:colcon.colcon_core.package_identification:_identify(ka/assets/iiwas/meshes/striker/collision) by extension 'ignore'
[0.912s] Level 1:colcon.colcon_core.package_identification:_identify(ka/assets/iiwas/meshes/striker/collision) by extension 'ignore_ament_install'
[0.913s] Level 1:colcon.colcon_core.package_identification:_identify(ka/assets/iiwas/meshes/striker/collision) by extensions ['colcon_pkg']
[0.913s] Level 1:colcon.colcon_core.package_identification:_identify(ka/assets/iiwas/meshes/striker/collision) by extension 'colcon_pkg'
[0.913s] Level 1:colcon.colcon_core.package_identification:_identify(ka/assets/iiwas/meshes/striker/collision) by extensions ['colcon_meta']
[0.913s] Level 1:colcon.colcon_core.package_identification:_identify(ka/assets/iiwas/meshes/striker/collision) by extension 'colcon_meta'
[0.913s] Level 1:colcon.colcon_core.package_identification:_identify(ka/assets/iiwas/meshes/striker/collision) by extensions ['ros']
[0.913s] Level 1:colcon.colcon_core.package_identification:_identify(ka/assets/iiwas/meshes/striker/collision) by extension 'ros'
[0.913s] Level 1:colcon.colcon_core.package_identification:_identify(ka/assets/iiwas/meshes/striker/collision) by extensions ['cmake', 'python']
[0.913s] Level 1:colcon.colcon_core.package_identification:_identify(ka/assets/iiwas/meshes/striker/collision) by extension 'cmake'
[0.913s] Level 1:colcon.colcon_core.package_identification:_identify(ka/assets/iiwas/meshes/striker/collision) by extension 'python'
[0.913s] Level 1:colcon.colcon_core.package_identification:_identify(ka/assets/iiwas/meshes/striker/collision) by extensions ['python_setup_py']
[0.913s] Level 1:colcon.colcon_core.package_identification:_identify(ka/assets/iiwas/meshes/striker/collision) by extension 'python_setup_py'
[0.913s] Level 1:colcon.colcon_core.package_identification:_identify(ka/assets/iiwas/meshes/striker/visual) by extensions ['ignore', 'ignore_ament_install']
[0.913s] Level 1:colcon.colcon_core.package_identification:_identify(ka/assets/iiwas/meshes/striker/visual) by extension 'ignore'
[0.913s] Level 1:colcon.colcon_core.package_identification:_identify(ka/assets/iiwas/meshes/striker/visual) by extension 'ignore_ament_install'
[0.914s] Level 1:colcon.colcon_core.package_identification:_identify(ka/assets/iiwas/meshes/striker/visual) by extensions ['colcon_pkg']
[0.914s] Level 1:colcon.colcon_core.package_identification:_identify(ka/assets/iiwas/meshes/striker/visual) by extension 'colcon_pkg'
[0.914s] Level 1:colcon.colcon_core.package_identification:_identify(ka/assets/iiwas/meshes/striker/visual) by extensions ['colcon_meta']
[0.914s] Level 1:colcon.colcon_core.package_identification:_identify(ka/assets/iiwas/meshes/striker/visual) by extension 'colcon_meta'
[0.914s] Level 1:colcon.colcon_core.package_identification:_identify(ka/assets/iiwas/meshes/striker/visual) by extensions ['ros']
[0.914s] Level 1:colcon.colcon_core.package_identification:_identify(ka/assets/iiwas/meshes/striker/visual) by extension 'ros'
[0.914s] Level 1:colcon.colcon_core.package_identification:_identify(ka/assets/iiwas/meshes/striker/visual) by extensions ['cmake', 'python']
[0.914s] Level 1:colcon.colcon_core.package_identification:_identify(ka/assets/iiwas/meshes/striker/visual) by extension 'cmake'
[0.914s] Level 1:colcon.colcon_core.package_identification:_identify(ka/assets/iiwas/meshes/striker/visual) by extension 'python'
[0.914s] Level 1:colcon.colcon_core.package_identification:_identify(ka/assets/iiwas/meshes/striker/visual) by extensions ['python_setup_py']
[0.914s] Level 1:colcon.colcon_core.package_identification:_identify(ka/assets/iiwas/meshes/striker/visual) by extension 'python_setup_py'
[0.914s] Level 1:colcon.colcon_core.package_identification:_identify(ka/assets/iiwas/meshes/visual) by extensions ['ignore', 'ignore_ament_install']
[0.914s] Level 1:colcon.colcon_core.package_identification:_identify(ka/assets/iiwas/meshes/visual) by extension 'ignore'
[0.914s] Level 1:colcon.colcon_core.package_identification:_identify(ka/assets/iiwas/meshes/visual) by extension 'ignore_ament_install'
[0.914s] Level 1:colcon.colcon_core.package_identification:_identify(ka/assets/iiwas/meshes/visual) by extensions ['colcon_pkg']
[0.914s] Level 1:colcon.colcon_core.package_identification:_identify(ka/assets/iiwas/meshes/visual) by extension 'colcon_pkg'
[0.914s] Level 1:colcon.colcon_core.package_identification:_identify(ka/assets/iiwas/meshes/visual) by extensions ['colcon_meta']
[0.914s] Level 1:colcon.colcon_core.package_identification:_identify(ka/assets/iiwas/meshes/visual) by extension 'colcon_meta'
[0.914s] Level 1:colcon.colcon_core.package_identification:_identify(ka/assets/iiwas/meshes/visual) by extensions ['ros']
[0.914s] Level 1:colcon.colcon_core.package_identification:_identify(ka/assets/iiwas/meshes/visual) by extension 'ros'
[0.914s] Level 1:colcon.colcon_core.package_identification:_identify(ka/assets/iiwas/meshes/visual) by extensions ['cmake', 'python']
[0.914s] Level 1:colcon.colcon_core.package_identification:_identify(ka/assets/iiwas/meshes/visual) by extension 'cmake'
[0.914s] Level 1:colcon.colcon_core.package_identification:_identify(ka/assets/iiwas/meshes/visual) by extension 'python'
[0.915s] Level 1:colcon.colcon_core.package_identification:_identify(ka/assets/iiwas/meshes/visual) by extensions ['python_setup_py']
[0.915s] Level 1:colcon.colcon_core.package_identification:_identify(ka/assets/iiwas/meshes/visual) by extension 'python_setup_py'
[0.915s] Level 1:colcon.colcon_core.package_identification:_identify(ka/assets/meshes) by extensions ['ignore', 'ignore_ament_install']
[0.915s] Level 1:colcon.colcon_core.package_identification:_identify(ka/assets/meshes) by extension 'ignore'
[0.915s] Level 1:colcon.colcon_core.package_identification:_identify(ka/assets/meshes) by extension 'ignore_ament_install'
[0.915s] Level 1:colcon.colcon_core.package_identification:_identify(ka/assets/meshes) by extensions ['colcon_pkg']
[0.915s] Level 1:colcon.colcon_core.package_identification:_identify(ka/assets/meshes) by extension 'colcon_pkg'
[0.915s] Level 1:colcon.colcon_core.package_identification:_identify(ka/assets/meshes) by extensions ['colcon_meta']
[0.915s] Level 1:colcon.colcon_core.package_identification:_identify(ka/assets/meshes) by extension 'colcon_meta'
[0.915s] Level 1:colcon.colcon_core.package_identification:_identify(ka/assets/meshes) by extensions ['ros']
[0.915s] Level 1:colcon.colcon_core.package_identification:_identify(ka/assets/meshes) by extension 'ros'
[0.915s] Level 1:colcon.colcon_core.package_identification:_identify(ka/assets/meshes) by extensions ['cmake', 'python']
[0.915s] Level 1:colcon.colcon_core.package_identification:_identify(ka/assets/meshes) by extension 'cmake'
[0.915s] Level 1:colcon.colcon_core.package_identification:_identify(ka/assets/meshes) by extension 'python'
[0.915s] Level 1:colcon.colcon_core.package_identification:_identify(ka/assets/meshes) by extensions ['python_setup_py']
[0.915s] Level 1:colcon.colcon_core.package_identification:_identify(ka/assets/meshes) by extension 'python_setup_py'
[0.915s] Level 1:colcon.colcon_core.package_identification:_identify(ka/logs) by extensions ['ignore', 'ignore_ament_install']
[0.915s] Level 1:colcon.colcon_core.package_identification:_identify(ka/logs) by extension 'ignore'
[0.915s] Level 1:colcon.colcon_core.package_identification:_identify(ka/logs) by extension 'ignore_ament_install'
[0.915s] Level 1:colcon.colcon_core.package_identification:_identify(ka/logs) by extensions ['colcon_pkg']
[0.915s] Level 1:colcon.colcon_core.package_identification:_identify(ka/logs) by extension 'colcon_pkg'
[0.916s] Level 1:colcon.colcon_core.package_identification:_identify(ka/logs) by extensions ['colcon_meta']
[0.916s] Level 1:colcon.colcon_core.package_identification:_identify(ka/logs) by extension 'colcon_meta'
[0.916s] Level 1:colcon.colcon_core.package_identification:_identify(ka/logs) by extensions ['ros']
[0.916s] Level 1:colcon.colcon_core.package_identification:_identify(ka/logs) by extension 'ros'
[0.916s] Level 1:colcon.colcon_core.package_identification:_identify(ka/logs) by extensions ['cmake', 'python']
[0.916s] Level 1:colcon.colcon_core.package_identification:_identify(ka/logs) by extension 'cmake'
[0.916s] Level 1:colcon.colcon_core.package_identification:_identify(ka/logs) by extension 'python'
[0.916s] Level 1:colcon.colcon_core.package_identification:_identify(ka/logs) by extensions ['python_setup_py']
[0.916s] Level 1:colcon.colcon_core.package_identification:_identify(ka/logs) by extension 'python_setup_py'
[0.916s] Level 1:colcon.colcon_core.package_identification:_identify(ka/logs2) by extensions ['ignore', 'ignore_ament_install']
[0.916s] Level 1:colcon.colcon_core.package_identification:_identify(ka/logs2) by extension 'ignore'
[0.916s] Level 1:colcon.colcon_core.package_identification:_identify(ka/logs2) by extension 'ignore_ament_install'
[0.916s] Level 1:colcon.colcon_core.package_identification:_identify(ka/logs2) by extensions ['colcon_pkg']
[0.916s] Level 1:colcon.colcon_core.package_identification:_identify(ka/logs2) by extension 'colcon_pkg'
[0.916s] Level 1:colcon.colcon_core.package_identification:_identify(ka/logs2) by extensions ['colcon_meta']
[0.916s] Level 1:colcon.colcon_core.package_identification:_identify(ka/logs2) by extension 'colcon_meta'
[0.916s] Level 1:colcon.colcon_core.package_identification:_identify(ka/logs2) by extensions ['ros']
[0.916s] Level 1:colcon.colcon_core.package_identification:_identify(ka/logs2) by extension 'ros'
[0.916s] Level 1:colcon.colcon_core.package_identification:_identify(ka/logs2) by extensions ['cmake', 'python']
[0.916s] Level 1:colcon.colcon_core.package_identification:_identify(ka/logs2) by extension 'cmake'
[0.916s] Level 1:colcon.colcon_core.package_identification:_identify(ka/logs2) by extension 'python'
[0.916s] Level 1:colcon.colcon_core.package_identification:_identify(ka/logs2) by extensions ['python_setup_py']
[0.916s] Level 1:colcon.colcon_core.package_identification:_identify(ka/logs2) by extension 'python_setup_py'
[0.916s] Level 1:colcon.colcon_core.package_identification:_identify(ka/logs2/monitor2) by extensions ['ignore', 'ignore_ament_install']
[0.917s] Level 1:colcon.colcon_core.package_identification:_identify(ka/logs2/monitor2) by extension 'ignore'
[0.917s] Level 1:colcon.colcon_core.package_identification:_identify(ka/logs2/monitor2) by extension 'ignore_ament_install'
[0.917s] Level 1:colcon.colcon_core.package_identification:_identify(ka/logs2/monitor2) by extensions ['colcon_pkg']
[0.917s] Level 1:colcon.colcon_core.package_identification:_identify(ka/logs2/monitor2) by extension 'colcon_pkg'
[0.917s] Level 1:colcon.colcon_core.package_identification:_identify(ka/logs2/monitor2) by extensions ['colcon_meta']
[0.917s] Level 1:colcon.colcon_core.package_identification:_identify(ka/logs2/monitor2) by extension 'colcon_meta'
[0.917s] Level 1:colcon.colcon_core.package_identification:_identify(ka/logs2/monitor2) by extensions ['ros']
[0.917s] Level 1:colcon.colcon_core.package_identification:_identify(ka/logs2/monitor2) by extension 'ros'
[0.917s] Level 1:colcon.colcon_core.package_identification:_identify(ka/logs2/monitor2) by extensions ['cmake', 'python']
[0.917s] Level 1:colcon.colcon_core.package_identification:_identify(ka/logs2/monitor2) by extension 'cmake'
[0.917s] Level 1:colcon.colcon_core.package_identification:_identify(ka/logs2/monitor2) by extension 'python'
[0.917s] Level 1:colcon.colcon_core.package_identification:_identify(ka/logs2/monitor2) by extensions ['python_setup_py']
[0.917s] Level 1:colcon.colcon_core.package_identification:_identify(ka/logs2/monitor2) by extension 'python_setup_py'
[0.917s] Level 1:colcon.colcon_core.package_identification:_identify(ka/myenv) by extensions ['ignore', 'ignore_ament_install']
[0.917s] Level 1:colcon.colcon_core.package_identification:_identify(ka/myenv) by extension 'ignore'
[0.917s] Level 1:colcon.colcon_core.package_identification:_identify(ka/myenv) by extension 'ignore_ament_install'
[0.917s] Level 1:colcon.colcon_core.package_identification:_identify(ka/myenv) by extensions ['colcon_pkg']
[0.917s] Level 1:colcon.colcon_core.package_identification:_identify(ka/myenv) by extension 'colcon_pkg'
[0.917s] Level 1:colcon.colcon_core.package_identification:_identify(ka/myenv) by extensions ['colcon_meta']
[0.917s] Level 1:colcon.colcon_core.package_identification:_identify(ka/myenv) by extension 'colcon_meta'
[0.917s] Level 1:colcon.colcon_core.package_identification:_identify(ka/myenv) by extensions ['ros']
[0.917s] Level 1:colcon.colcon_core.package_identification:_identify(ka/myenv) by extension 'ros'
[0.917s] Level 1:colcon.colcon_core.package_identification:_identify(ka/myenv) by extensions ['cmake', 'python']
[0.918s] Level 1:colcon.colcon_core.package_identification:_identify(ka/myenv) by extension 'cmake'
[0.918s] Level 1:colcon.colcon_core.package_identification:_identify(ka/myenv) by extension 'python'
[0.918s] Level 1:colcon.colcon_core.package_identification:_identify(ka/myenv) by extensions ['python_setup_py']
[0.918s] Level 1:colcon.colcon_core.package_identification:_identify(ka/myenv) by extension 'python_setup_py'
[0.918s] Level 1:colcon.colcon_core.package_identification:_identify(ka/myenv2) by extensions ['ignore', 'ignore_ament_install']
[0.918s] Level 1:colcon.colcon_core.package_identification:_identify(ka/myenv2) by extension 'ignore'
[0.918s] Level 1:colcon.colcon_core.package_identification:_identify(ka/myenv2) by extension 'ignore_ament_install'
[0.918s] Level 1:colcon.colcon_core.package_identification:_identify(ka/myenv2) by extensions ['colcon_pkg']
[0.918s] Level 1:colcon.colcon_core.package_identification:_identify(ka/myenv2) by extension 'colcon_pkg'
[0.918s] Level 1:colcon.colcon_core.package_identification:_identify(ka/myenv2) by extensions ['colcon_meta']
[0.918s] Level 1:colcon.colcon_core.package_identification:_identify(ka/myenv2) by extension 'colcon_meta'
[0.918s] Level 1:colcon.colcon_core.package_identification:_identify(ka/myenv2) by extensions ['ros']
[0.918s] Level 1:colcon.colcon_core.package_identification:_identify(ka/myenv2) by extension 'ros'
[0.918s] Level 1:colcon.colcon_core.package_identification:_identify(ka/myenv2) by extensions ['cmake', 'python']
[0.918s] Level 1:colcon.colcon_core.package_identification:_identify(ka/myenv2) by extension 'cmake'
[0.918s] Level 1:colcon.colcon_core.package_identification:_identify(ka/myenv2) by extension 'python'
[0.918s] Level 1:colcon.colcon_core.package_identification:_identify(ka/myenv2) by extensions ['python_setup_py']
[0.918s] Level 1:colcon.colcon_core.package_identification:_identify(ka/myenv2) by extension 'python_setup_py'
[0.918s] Level 1:colcon.colcon_core.package_identification:_identify(ka/notebooks) by extensions ['ignore', 'ignore_ament_install']
[0.918s] Level 1:colcon.colcon_core.package_identification:_identify(ka/notebooks) by extension 'ignore'
[0.918s] Level 1:colcon.colcon_core.package_identification:_identify(ka/notebooks) by extension 'ignore_ament_install'
[0.918s] Level 1:colcon.colcon_core.package_identification:_identify(ka/notebooks) by extensions ['colcon_pkg']
[0.918s] Level 1:colcon.colcon_core.package_identification:_identify(ka/notebooks) by extension 'colcon_pkg'
[0.919s] Level 1:colcon.colcon_core.package_identification:_identify(ka/notebooks) by extensions ['colcon_meta']
[0.919s] Level 1:colcon.colcon_core.package_identification:_identify(ka/notebooks) by extension 'colcon_meta'
[0.919s] Level 1:colcon.colcon_core.package_identification:_identify(ka/notebooks) by extensions ['ros']
[0.919s] Level 1:colcon.colcon_core.package_identification:_identify(ka/notebooks) by extension 'ros'
[0.919s] Level 1:colcon.colcon_core.package_identification:_identify(ka/notebooks) by extensions ['cmake', 'python']
[0.919s] Level 1:colcon.colcon_core.package_identification:_identify(ka/notebooks) by extension 'cmake'
[0.919s] Level 1:colcon.colcon_core.package_identification:_identify(ka/notebooks) by extension 'python'
[0.919s] Level 1:colcon.colcon_core.package_identification:_identify(ka/notebooks) by extensions ['python_setup_py']
[0.919s] Level 1:colcon.colcon_core.package_identification:_identify(ka/notebooks) by extension 'python_setup_py'
[0.919s] Level 1:colcon.colcon_core.package_identification:_identify(ka/ros2_ws) by extensions ['ignore', 'ignore_ament_install']
[0.919s] Level 1:colcon.colcon_core.package_identification:_identify(ka/ros2_ws) by extension 'ignore'
[0.919s] Level 1:colcon.colcon_core.package_identification:_identify(ka/ros2_ws) by extension 'ignore_ament_install'
[0.919s] Level 1:colcon.colcon_core.package_identification:_identify(ka/ros2_ws) by extensions ['colcon_pkg']
[0.919s] Level 1:colcon.colcon_core.package_identification:_identify(ka/ros2_ws) by extension 'colcon_pkg'
[0.919s] Level 1:colcon.colcon_core.package_identification:_identify(ka/ros2_ws) by extensions ['colcon_meta']
[0.919s] Level 1:colcon.colcon_core.package_identification:_identify(ka/ros2_ws) by extension 'colcon_meta'
[0.919s] Level 1:colcon.colcon_core.package_identification:_identify(ka/ros2_ws) by extensions ['ros']
[0.919s] Level 1:colcon.colcon_core.package_identification:_identify(ka/ros2_ws) by extension 'ros'
[0.919s] Level 1:colcon.colcon_core.package_identification:_identify(ka/ros2_ws) by extensions ['cmake', 'python']
[0.919s] Level 1:colcon.colcon_core.package_identification:_identify(ka/ros2_ws) by extension 'cmake'
[0.919s] Level 1:colcon.colcon_core.package_identification:_identify(ka/ros2_ws) by extension 'python'
[0.919s] Level 1:colcon.colcon_core.package_identification:_identify(ka/ros2_ws) by extensions ['python_setup_py']
[0.919s] Level 1:colcon.colcon_core.package_identification:_identify(ka/ros2_ws) by extension 'python_setup_py'
[0.919s] Level 1:colcon.colcon_core.package_identification:_identify(ka/ros2_ws/build) by extensions ['ignore', 'ignore_ament_install']
[0.920s] Level 1:colcon.colcon_core.package_identification:_identify(ka/ros2_ws/build) by extension 'ignore'
[0.920s] Level 1:colcon.colcon_core.package_identification:_identify(ka/ros2_ws/build) ignored
[0.920s] Level 1:colcon.colcon_core.package_identification:_identify(ka/ros2_ws/install) by extensions ['ignore', 'ignore_ament_install']
[0.920s] Level 1:colcon.colcon_core.package_identification:_identify(ka/ros2_ws/install) by extension 'ignore'
[0.920s] Level 1:colcon.colcon_core.package_identification:_identify(ka/ros2_ws/install) ignored
[0.920s] Level 1:colcon.colcon_core.package_identification:_identify(ka/ros2_ws/log) by extensions ['ignore', 'ignore_ament_install']
[0.920s] Level 1:colcon.colcon_core.package_identification:_identify(ka/ros2_ws/log) by extension 'ignore'
[0.920s] Level 1:colcon.colcon_core.package_identification:_identify(ka/ros2_ws/log) ignored
[0.920s] Level 1:colcon.colcon_core.package_identification:_identify(ka/src) by extensions ['ignore', 'ignore_ament_install']
[0.920s] Level 1:colcon.colcon_core.package_identification:_identify(ka/src) by extension 'ignore'
[0.920s] Level 1:colcon.colcon_core.package_identification:_identify(ka/src) by extension 'ignore_ament_install'
[0.920s] Level 1:colcon.colcon_core.package_identification:_identify(ka/src) by extensions ['colcon_pkg']
[0.920s] Level 1:colcon.colcon_core.package_identification:_identify(ka/src) by extension 'colcon_pkg'
[0.920s] Level 1:colcon.colcon_core.package_identification:_identify(ka/src) by extensions ['colcon_meta']
[0.920s] Level 1:colcon.colcon_core.package_identification:_identify(ka/src) by extension 'colcon_meta'
[0.920s] Level 1:colcon.colcon_core.package_identification:_identify(ka/src) by extensions ['ros']
[0.920s] Level 1:colcon.colcon_core.package_identification:_identify(ka/src) by extension 'ros'
[0.920s] Level 1:colcon.colcon_core.package_identification:_identify(ka/src) by extensions ['cmake', 'python']
[0.920s] Level 1:colcon.colcon_core.package_identification:_identify(ka/src) by extension 'cmake'
[0.921s] Level 1:colcon.colcon_core.package_identification:_identify(ka/src) by extension 'python'
[0.921s] Level 1:colcon.colcon_core.package_identification:_identify(ka/src) by extensions ['python_setup_py']
[0.921s] Level 1:colcon.colcon_core.package_identification:_identify(ka/src) by extension 'python_setup_py'
[0.921s] Level 1:colcon.colcon_core.package_identification:_identify(ka/tensorboard_logs) by extensions ['ignore', 'ignore_ament_install']
[0.921s] Level 1:colcon.colcon_core.package_identification:_identify(ka/tensorboard_logs) by extension 'ignore'
[0.921s] Level 1:colcon.colcon_core.package_identification:_identify(ka/tensorboard_logs) by extension 'ignore_ament_install'
[0.921s] Level 1:colcon.colcon_core.package_identification:_identify(ka/tensorboard_logs) by extensions ['colcon_pkg']
[0.921s] Level 1:colcon.colcon_core.package_identification:_identify(ka/tensorboard_logs) by extension 'colcon_pkg'
[0.921s] Level 1:colcon.colcon_core.package_identification:_identify(ka/tensorboard_logs) by extensions ['colcon_meta']
[0.921s] Level 1:colcon.colcon_core.package_identification:_identify(ka/tensorboard_logs) by extension 'colcon_meta'
[0.921s] Level 1:colcon.colcon_core.package_identification:_identify(ka/tensorboard_logs) by extensions ['ros']
[0.921s] Level 1:colcon.colcon_core.package_identification:_identify(ka/tensorboard_logs) by extension 'ros'
[0.921s] Level 1:colcon.colcon_core.package_identification:_identify(ka/tensorboard_logs) by extensions ['cmake', 'python']
[0.921s] Level 1:colcon.colcon_core.package_identification:_identify(ka/tensorboard_logs) by extension 'cmake'
[0.921s] Level 1:colcon.colcon_core.package_identification:_identify(ka/tensorboard_logs) by extension 'python'
[0.921s] Level 1:colcon.colcon_core.package_identification:_identify(ka/tensorboard_logs) by extensions ['python_setup_py']
[0.921s] Level 1:colcon.colcon_core.package_identification:_identify(ka/tensorboard_logs) by extension 'python_setup_py'
[0.921s] Level 1:colcon.colcon_core.package_identification:_identify(ka/tensorboard_logs/SAC_1) by extensions ['ignore', 'ignore_ament_install']
[0.921s] Level 1:colcon.colcon_core.package_identification:_identify(ka/tensorboard_logs/SAC_1) by extension 'ignore'
[0.921s] Level 1:colcon.colcon_core.package_identification:_identify(ka/tensorboard_logs/SAC_1) by extension 'ignore_ament_install'
[0.921s] Level 1:colcon.colcon_core.package_identification:_identify(ka/tensorboard_logs/SAC_1) by extensions ['colcon_pkg']
[0.921s] Level 1:colcon.colcon_core.package_identification:_identify(ka/tensorboard_logs/SAC_1) by extension 'colcon_pkg'
[0.922s] Level 1:colcon.colcon_core.package_identification:_identify(ka/tensorboard_logs/SAC_1) by extensions ['colcon_meta']
[0.922s] Level 1:colcon.colcon_core.package_identification:_identify(ka/tensorboard_logs/SAC_1) by extension 'colcon_meta'
[0.922s] Level 1:colcon.colcon_core.package_identification:_identify(ka/tensorboard_logs/SAC_1) by extensions ['ros']
[0.922s] Level 1:colcon.colcon_core.package_identification:_identify(ka/tensorboard_logs/SAC_1) by extension 'ros'
[0.922s] Level 1:colcon.colcon_core.package_identification:_identify(ka/tensorboard_logs/SAC_1) by extensions ['cmake', 'python']
[0.922s] Level 1:colcon.colcon_core.package_identification:_identify(ka/tensorboard_logs/SAC_1) by extension 'cmake'
[0.922s] Level 1:colcon.colcon_core.package_identification:_identify(ka/tensorboard_logs/SAC_1) by extension 'python'
[0.922s] Level 1:colcon.colcon_core.package_identification:_identify(ka/tensorboard_logs/SAC_1) by extensions ['python_setup_py']
[0.922s] Level 1:colcon.colcon_core.package_identification:_identify(ka/tensorboard_logs/SAC_1) by extension 'python_setup_py'
[0.922s] Level 1:colcon.colcon_core.package_identification:_identify(ka/tensorboard_logs/SAC_2) by extensions ['ignore', 'ignore_ament_install']
[0.922s] Level 1:colcon.colcon_core.package_identification:_identify(ka/tensorboard_logs/SAC_2) by extension 'ignore'
[0.922s] Level 1:colcon.colcon_core.package_identification:_identify(ka/tensorboard_logs/SAC_2) by extension 'ignore_ament_install'
[0.922s] Level 1:colcon.colcon_core.package_identification:_identify(ka/tensorboard_logs/SAC_2) by extensions ['colcon_pkg']
[0.922s] Level 1:colcon.colcon_core.package_identification:_identify(ka/tensorboard_logs/SAC_2) by extension 'colcon_pkg'
[0.922s] Level 1:colcon.colcon_core.package_identification:_identify(ka/tensorboard_logs/SAC_2) by extensions ['colcon_meta']
[0.922s] Level 1:colcon.colcon_core.package_identification:_identify(ka/tensorboard_logs/SAC_2) by extension 'colcon_meta'
[0.922s] Level 1:colcon.colcon_core.package_identification:_identify(ka/tensorboard_logs/SAC_2) by extensions ['ros']
[0.922s] Level 1:colcon.colcon_core.package_identification:_identify(ka/tensorboard_logs/SAC_2) by extension 'ros'
[0.922s] Level 1:colcon.colcon_core.package_identification:_identify(ka/tensorboard_logs/SAC_2) by extensions ['cmake', 'python']
[0.922s] Level 1:colcon.colcon_core.package_identification:_identify(ka/tensorboard_logs/SAC_2) by extension 'cmake'
[0.922s] Level 1:colcon.colcon_core.package_identification:_identify(ka/tensorboard_logs/SAC_2) by extension 'python'
[0.922s] Level 1:colcon.colcon_core.package_identification:_identify(ka/tensorboard_logs/SAC_2) by extensions ['python_setup_py']
[0.922s] Level 1:colcon.colcon_core.package_identification:_identify(ka/tensorboard_logs/SAC_2) by extension 'python_setup_py'
[0.922s] Level 1:colcon.colcon_core.package_identification:_identify(ka/tensorboard_logs/SAC_3) by extensions ['ignore', 'ignore_ament_install']
[0.923s] Level 1:colcon.colcon_core.package_identification:_identify(ka/tensorboard_logs/SAC_3) by extension 'ignore'
[0.923s] Level 1:colcon.colcon_core.package_identification:_identify(ka/tensorboard_logs/SAC_3) by extension 'ignore_ament_install'
[0.923s] Level 1:colcon.colcon_core.package_identification:_identify(ka/tensorboard_logs/SAC_3) by extensions ['colcon_pkg']
[0.923s] Level 1:colcon.colcon_core.package_identification:_identify(ka/tensorboard_logs/SAC_3) by extension 'colcon_pkg'
[0.923s] Level 1:colcon.colcon_core.package_identification:_identify(ka/tensorboard_logs/SAC_3) by extensions ['colcon_meta']
[0.923s] Level 1:colcon.colcon_core.package_identification:_identify(ka/tensorboard_logs/SAC_3) by extension 'colcon_meta'
[0.923s] Level 1:colcon.colcon_core.package_identification:_identify(ka/tensorboard_logs/SAC_3) by extensions ['ros']
[0.923s] Level 1:colcon.colcon_core.package_identification:_identify(ka/tensorboard_logs/SAC_3) by extension 'ros'
[0.923s] Level 1:colcon.colcon_core.package_identification:_identify(ka/tensorboard_logs/SAC_3) by extensions ['cmake', 'python']
[0.923s] Level 1:colcon.colcon_core.package_identification:_identify(ka/tensorboard_logs/SAC_3) by extension 'cmake'
[0.923s] Level 1:colcon.colcon_core.package_identification:_identify(ka/tensorboard_logs/SAC_3) by extension 'python'
[0.923s] Level 1:colcon.colcon_core.package_identification:_identify(ka/tensorboard_logs/SAC_3) by extensions ['python_setup_py']
[0.923s] Level 1:colcon.colcon_core.package_identification:_identify(ka/tensorboard_logs/SAC_3) by extension 'python_setup_py'
[0.923s] Level 1:colcon.colcon_core.package_identification:_identify(ka/tensorboard_logs/SAC_4) by extensions ['ignore', 'ignore_ament_install']
[0.923s] Level 1:colcon.colcon_core.package_identification:_identify(ka/tensorboard_logs/SAC_4) by extension 'ignore'
[0.923s] Level 1:colcon.colcon_core.package_identification:_identify(ka/tensorboard_logs/SAC_4) by extension 'ignore_ament_install'
[0.923s] Level 1:colcon.colcon_core.package_identification:_identify(ka/tensorboard_logs/SAC_4) by extensions ['colcon_pkg']
[0.923s] Level 1:colcon.colcon_core.package_identification:_identify(ka/tensorboard_logs/SAC_4) by extension 'colcon_pkg'
[0.923s] Level 1:colcon.colcon_core.package_identification:_identify(ka/tensorboard_logs/SAC_4) by extensions ['colcon_meta']
[0.923s] Level 1:colcon.colcon_core.package_identification:_identify(ka/tensorboard_logs/SAC_4) by extension 'colcon_meta'
[0.923s] Level 1:colcon.colcon_core.package_identification:_identify(ka/tensorboard_logs/SAC_4) by extensions ['ros']
[0.923s] Level 1:colcon.colcon_core.package_identification:_identify(ka/tensorboard_logs/SAC_4) by extension 'ros'
[0.923s] Level 1:colcon.colcon_core.package_identification:_identify(ka/tensorboard_logs/SAC_4) by extensions ['cmake', 'python']
[0.924s] Level 1:colcon.colcon_core.package_identification:_identify(ka/tensorboard_logs/SAC_4) by extension 'cmake'
[0.924s] Level 1:colcon.colcon_core.package_identification:_identify(ka/tensorboard_logs/SAC_4) by extension 'python'
[0.924s] Level 1:colcon.colcon_core.package_identification:_identify(ka/tensorboard_logs/SAC_4) by extensions ['python_setup_py']
[0.924s] Level 1:colcon.colcon_core.package_identification:_identify(ka/tensorboard_logs/SAC_4) by extension 'python_setup_py'
[0.924s] Level 1:colcon.colcon_core.package_identification:_identify(log) by extensions ['ignore', 'ignore_ament_install']
[0.924s] Level 1:colcon.colcon_core.package_identification:_identify(log) by extension 'ignore'
[0.924s] Level 1:colcon.colcon_core.package_identification:_identify(log) ignored
[0.924s] Level 1:colcon.colcon_core.package_discovery:discover_packages(recursive) using defaults
[0.924s] Level 1:colcon.colcon_core.package_discovery:discover_packages(ignore) discover
[0.924s] Level 1:colcon.colcon_core.package_discovery:discover_packages(ignore) using defaults
[0.924s] Level 1:colcon.colcon_core.package_discovery:discover_packages(path) discover
[0.924s] Level 1:colcon.colcon_core.package_discovery:discover_packages(path) using defaults
[0.989s] Level 1:colcon.colcon_core.package_discovery:discover_packages(prefix_path) check parameters
[0.989s] Level 1:colcon.colcon_core.package_discovery:discover_packages(prefix_path) discover
[0.992s] DEBUG:colcon.colcon_installed_package_information.package_discovery:Found 1 installed packages in /workspace/ros2_ws/install
[0.994s] DEBUG:colcon.colcon_installed_package_information.package_discovery:Found 260 installed packages in /opt/ros/foxy
[0.996s] Level 1:colcon.colcon_core.package_discovery:discover_packages(prefix_path) using defaults
[1.064s] INFO:colcon.colcon_core.executor:Executing jobs using 'parallel' executor
[1.064s] DEBUG:colcon.colcon_parallel_executor.executor.parallel:run_until_complete
[1.065s] DEBUG:colcon.colcon_parallel_executor.executor.parallel:closing loop
[1.065s] DEBUG:colcon.colcon_parallel_executor.executor.parallel:loop closed
[1.065s] DEBUG:colcon.colcon_parallel_executor.executor.parallel:run_until_complete finished with '0'
[1.065s] DEBUG:colcon.colcon_core.event_reactor:joining thread
[1.116s] INFO:colcon.colcon_core.plugin_system:Skipping extension 'colcon_notification.desktop_notification.notify_send': Could not find 'notify-send'
[1.116s] INFO:colcon.colcon_core.plugin_system:Skipping extension 'colcon_notification.desktop_notification.terminal_notifier': Not used on non-Darwin systems
[1.116s] INFO:colcon.colcon_core.plugin_system:Skipping extension 'colcon_notification.desktop_notification.win32': Not used on non-Windows systems
[1.116s] INFO:colcon.colcon_notification.desktop_notification:Sending desktop notification using 'notify2'
[1.126s] DEBUG:colcon.colcon_notification.desktop_notification.notify2:Failed to initialize notify2: org.freedesktop.DBus.Error.Spawn.ExecFailed: /usr/bin/dbus-launch terminated abnormally with the following error: Autolaunch error: X11 initialization failed.

[1.127s] DEBUG:colcon.colcon_core.event_reactor:joined thread
[1.151s] INFO:colcon.colcon_core.plugin_system:Skipping extension 'colcon_core.shell.bat': Not used on non-Windows systems
[1.152s] INFO:colcon.colcon_core.shell:Creating prefix script '/workspace/ros2_ws/src/airhockey2025/install/local_setup.ps1'
[1.171s] INFO:colcon.colcon_core.shell:Creating prefix util module '/workspace/ros2_ws/src/airhockey2025/install/_local_setup_util_ps1.py'
[1.177s] INFO:colcon.colcon_core.shell:Creating prefix chain script '/workspace/ros2_ws/src/airhockey2025/install/setup.ps1'
[1.180s] INFO:colcon.colcon_core.shell:Creating prefix script '/workspace/ros2_ws/src/airhockey2025/install/local_setup.sh'
[1.204s] INFO:colcon.colcon_core.shell:Creating prefix util module '/workspace/ros2_ws/src/airhockey2025/install/_local_setup_util_sh.py'
[1.206s] INFO:colcon.colcon_core.shell:Creating prefix chain script '/workspace/ros2_ws/src/airhockey2025/install/setup.sh'
[1.209s] INFO:colcon.colcon_core.shell:Creating prefix script '/workspace/ros2_ws/src/airhockey2025/install/local_setup.bash'
[1.215s] INFO:colcon.colcon_core.shell:Creating prefix chain script '/workspace/ros2_ws/src/airhockey2025/install/setup.bash'
[1.218s] INFO:colcon.colcon_core.shell:Creating prefix script '/workspace/ros2_ws/src/airhockey2025/install/local_setup.zsh'
[1.224s] INFO:colcon.colcon_core.shell:Creating prefix chain script '/workspace/ros2_ws/src/airhockey2025/install/setup.zsh'
