[0.192s] DEBUG:colcon:Command line arguments: ['/usr/bin/colcon', 'build', '--symlink-install']
[0.192s] DEBUG:colcon:Parsed command line arguments: Namespace(allow_overriding=[], ament_cmake_args=None, base_paths=['.'], build_base='build', catkin_cmake_args=None, catkin_skip_building_tests=False, cmake_args=None, cmake_clean_cache=False, cmake_clean_first=False, cmake_force_configure=False, cmake_target=None, cmake_target_skip_unavailable=False, continue_on_error=False, event_handlers=None, executor='parallel', ignore_user_meta=False, install_base='install', log_base=None, log_level=None, main=<bound method BuildVerb.main of <colcon_core.verb.build.BuildVerb object at 0x7f7244bf4370>>, merge_install=False, metas=['./colcon.meta'], packages_above=None, packages_above_and_dependencies=None, packages_above_depth=None, packages_end=None, packages_ignore=None, packages_ignore_regex=None, packages_select=None, packages_select_build_failed=False, packages_select_by_dep=None, packages_select_regex=None, packages_select_test_failures=False, packages_skip=None, packages_skip_build_finished=False, packages_skip_by_dep=None, packages_skip_regex=None, packages_skip_test_passed=False, packages_skip_up_to=None, packages_start=None, packages_up_to=None, packages_up_to_regex=None, parallel_workers=64, paths=None, symlink_install=True, test_result_base=None, verb_extension=<colcon_core.verb.build.BuildVerb object at 0x7f7244bf4370>, verb_name='build', verb_parser=<colcon_defaults.argument_parser.defaults.DefaultArgumentsDecorator object at 0x7f7244ac6490>)
[0.344s] Level 1:colcon.colcon_core.package_discovery:discover_packages(colcon_meta) check parameters
[0.344s] Level 1:colcon.colcon_core.package_discovery:discover_packages(recursive) check parameters
[0.344s] Level 1:colcon.colcon_core.package_discovery:discover_packages(ignore) check parameters
[0.344s] Level 1:colcon.colcon_core.package_discovery:discover_packages(path) check parameters
[0.344s] Level 1:colcon.colcon_core.package_discovery:discover_packages(colcon_meta) discover
[0.344s] Level 1:colcon.colcon_core.package_discovery:discover_packages(recursive) discover
[0.344s] INFO:colcon.colcon_core.package_discovery:Crawling recursively for packages in '/workspace/ros2_ws/src/airhockey2025'
[0.344s] Level 1:colcon.colcon_core.package_identification:_identify(.) by extensions ['ignore', 'ignore_ament_install']
[0.344s] Level 1:colcon.colcon_core.package_identification:_identify(.) by extension 'ignore'
[0.344s] Level 1:colcon.colcon_core.package_identification:_identify(.) by extension 'ignore_ament_install'
[0.344s] Level 1:colcon.colcon_core.package_identification:_identify(.) by extensions ['colcon_pkg']
[0.344s] Level 1:colcon.colcon_core.package_identification:_identify(.) by extension 'colcon_pkg'
[0.344s] Level 1:colcon.colcon_core.package_identification:_identify(.) by extensions ['colcon_meta']
[0.344s] Level 1:colcon.colcon_core.package_identification:_identify(.) by extension 'colcon_meta'
[0.344s] Level 1:colcon.colcon_core.package_identification:_identify(.) by extensions ['ros']
[0.344s] Level 1:colcon.colcon_core.package_identification:_identify(.) by extension 'ros'
[0.355s] Level 1:colcon.colcon_core.package_identification:_identify(.) by extensions ['cmake', 'python']
[0.355s] Level 1:colcon.colcon_core.package_identification:_identify(.) by extension 'cmake'
[0.355s] Level 1:colcon.colcon_core.package_identification:_identify(.) by extension 'python'
[0.355s] Level 1:colcon.colcon_core.package_identification:_identify(.) by extensions ['python_setup_py']
[0.355s] Level 1:colcon.colcon_core.package_identification:_identify(.) by extension 'python_setup_py'
[0.355s] Level 1:colcon.colcon_core.package_identification:_identify(build) by extensions ['ignore', 'ignore_ament_install']
[0.355s] Level 1:colcon.colcon_core.package_identification:_identify(build) by extension 'ignore'
[0.355s] Level 1:colcon.colcon_core.package_identification:_identify(build) ignored
[0.355s] Level 1:colcon.colcon_core.package_identification:_identify(dockerfile_5_2) by extensions ['ignore', 'ignore_ament_install']
[0.355s] Level 1:colcon.colcon_core.package_identification:_identify(dockerfile_5_2) by extension 'ignore'
[0.355s] Level 1:colcon.colcon_core.package_identification:_identify(dockerfile_5_2) by extension 'ignore_ament_install'
[0.355s] Level 1:colcon.colcon_core.package_identification:_identify(dockerfile_5_2) by extensions ['colcon_pkg']
[0.355s] Level 1:colcon.colcon_core.package_identification:_identify(dockerfile_5_2) by extension 'colcon_pkg'
[0.355s] Level 1:colcon.colcon_core.package_identification:_identify(dockerfile_5_2) by extensions ['colcon_meta']
[0.356s] Level 1:colcon.colcon_core.package_identification:_identify(dockerfile_5_2) by extension 'colcon_meta'
[0.356s] Level 1:colcon.colcon_core.package_identification:_identify(dockerfile_5_2) by extensions ['ros']
[0.356s] Level 1:colcon.colcon_core.package_identification:_identify(dockerfile_5_2) by extension 'ros'
[0.356s] Level 1:colcon.colcon_core.package_identification:_identify(dockerfile_5_2) by extensions ['cmake', 'python']
[0.356s] Level 1:colcon.colcon_core.package_identification:_identify(dockerfile_5_2) by extension 'cmake'
[0.356s] Level 1:colcon.colcon_core.package_identification:_identify(dockerfile_5_2) by extension 'python'
[0.356s] Level 1:colcon.colcon_core.package_identification:_identify(dockerfile_5_2) by extensions ['python_setup_py']
[0.356s] Level 1:colcon.colcon_core.package_identification:_identify(dockerfile_5_2) by extension 'python_setup_py'
[0.356s] Level 1:colcon.colcon_core.package_identification:_identify(install) by extensions ['ignore', 'ignore_ament_install']
[0.356s] Level 1:colcon.colcon_core.package_identification:_identify(install) by extension 'ignore'
[0.356s] Level 1:colcon.colcon_core.package_identification:_identify(install) ignored
[0.356s] Level 1:colcon.colcon_core.package_identification:_identify(izumi) by extensions ['ignore', 'ignore_ament_install']
[0.356s] Level 1:colcon.colcon_core.package_identification:_identify(izumi) by extension 'ignore'
[0.356s] Level 1:colcon.colcon_core.package_identification:_identify(izumi) by extension 'ignore_ament_install'
[0.356s] Level 1:colcon.colcon_core.package_identification:_identify(izumi) by extensions ['colcon_pkg']
[0.356s] Level 1:colcon.colcon_core.package_identification:_identify(izumi) by extension 'colcon_pkg'
[0.356s] Level 1:colcon.colcon_core.package_identification:_identify(izumi) by extensions ['colcon_meta']
[0.356s] Level 1:colcon.colcon_core.package_identification:_identify(izumi) by extension 'colcon_meta'
[0.356s] Level 1:colcon.colcon_core.package_identification:_identify(izumi) by extensions ['ros']
[0.356s] Level 1:colcon.colcon_core.package_identification:_identify(izumi) by extension 'ros'
[0.357s] Level 1:colcon.colcon_core.package_identification:_identify(izumi) by extensions ['cmake', 'python']
[0.357s] Level 1:colcon.colcon_core.package_identification:_identify(izumi) by extension 'cmake'
[0.357s] Level 1:colcon.colcon_core.package_identification:_identify(izumi) by extension 'python'
[0.357s] Level 1:colcon.colcon_core.package_identification:_identify(izumi) by extensions ['python_setup_py']
[0.357s] Level 1:colcon.colcon_core.package_identification:_identify(izumi) by extension 'python_setup_py'
[0.357s] Level 1:colcon.colcon_core.package_identification:_identify(ka) by extensions ['ignore', 'ignore_ament_install']
[0.357s] Level 1:colcon.colcon_core.package_identification:_identify(ka) by extension 'ignore'
[0.357s] Level 1:colcon.colcon_core.package_identification:_identify(ka) by extension 'ignore_ament_install'
[0.357s] Level 1:colcon.colcon_core.package_identification:_identify(ka) by extensions ['colcon_pkg']
[0.357s] Level 1:colcon.colcon_core.package_identification:_identify(ka) by extension 'colcon_pkg'
[0.357s] Level 1:colcon.colcon_core.package_identification:_identify(ka) by extensions ['colcon_meta']
[0.357s] Level 1:colcon.colcon_core.package_identification:_identify(ka) by extension 'colcon_meta'
[0.357s] Level 1:colcon.colcon_core.package_identification:_identify(ka) by extensions ['ros']
[0.357s] Level 1:colcon.colcon_core.package_identification:_identify(ka) by extension 'ros'
[0.357s] Level 1:colcon.colcon_core.package_identification:_identify(ka) by extensions ['cmake', 'python']
[0.357s] Level 1:colcon.colcon_core.package_identification:_identify(ka) by extension 'cmake'
[0.357s] Level 1:colcon.colcon_core.package_identification:_identify(ka) by extension 'python'
[0.357s] Level 1:colcon.colcon_core.package_identification:_identify(ka) by extensions ['python_setup_py']
[0.357s] Level 1:colcon.colcon_core.package_identification:_identify(ka) by extension 'python_setup_py'
[0.357s] Level 1:colcon.colcon_core.package_identification:_identify(ka/assets) by extensions ['ignore', 'ignore_ament_install']
[0.358s] Level 1:colcon.colcon_core.package_identification:_identify(ka/assets) by extension 'ignore'
[0.358s] Level 1:colcon.colcon_core.package_identification:_identify(ka/assets) by extension 'ignore_ament_install'
[0.358s] Level 1:colcon.colcon_core.package_identification:_identify(ka/assets) by extensions ['colcon_pkg']
[0.358s] Level 1:colcon.colcon_core.package_identification:_identify(ka/assets) by extension 'colcon_pkg'
[0.358s] Level 1:colcon.colcon_core.package_identification:_identify(ka/assets) by extensions ['colcon_meta']
[0.358s] Level 1:colcon.colcon_core.package_identification:_identify(ka/assets) by extension 'colcon_meta'
[0.358s] Level 1:colcon.colcon_core.package_identification:_identify(ka/assets) by extensions ['ros']
[0.358s] Level 1:colcon.colcon_core.package_identification:_identify(ka/assets) by extension 'ros'
[0.358s] Level 1:colcon.colcon_core.package_identification:_identify(ka/assets) by extensions ['cmake', 'python']
[0.358s] Level 1:colcon.colcon_core.package_identification:_identify(ka/assets) by extension 'cmake'
[0.358s] Level 1:colcon.colcon_core.package_identification:_identify(ka/assets) by extension 'python'
[0.358s] Level 1:colcon.colcon_core.package_identification:_identify(ka/assets) by extensions ['python_setup_py']
[0.358s] Level 1:colcon.colcon_core.package_identification:_identify(ka/assets) by extension 'python_setup_py'
[0.358s] Level 1:colcon.colcon_core.package_identification:_identify(ka/assets/meshes) by extensions ['ignore', 'ignore_ament_install']
[0.358s] Level 1:colcon.colcon_core.package_identification:_identify(ka/assets/meshes) by extension 'ignore'
[0.358s] Level 1:colcon.colcon_core.package_identification:_identify(ka/assets/meshes) by extension 'ignore_ament_install'
[0.358s] Level 1:colcon.colcon_core.package_identification:_identify(ka/assets/meshes) by extensions ['colcon_pkg']
[0.358s] Level 1:colcon.colcon_core.package_identification:_identify(ka/assets/meshes) by extension 'colcon_pkg'
[0.358s] Level 1:colcon.colcon_core.package_identification:_identify(ka/assets/meshes) by extensions ['colcon_meta']
[0.358s] Level 1:colcon.colcon_core.package_identification:_identify(ka/assets/meshes) by extension 'colcon_meta'
[0.359s] Level 1:colcon.colcon_core.package_identification:_identify(ka/assets/meshes) by extensions ['ros']
[0.359s] Level 1:colcon.colcon_core.package_identification:_identify(ka/assets/meshes) by extension 'ros'
[0.359s] Level 1:colcon.colcon_core.package_identification:_identify(ka/assets/meshes) by extensions ['cmake', 'python']
[0.359s] Level 1:colcon.colcon_core.package_identification:_identify(ka/assets/meshes) by extension 'cmake'
[0.359s] Level 1:colcon.colcon_core.package_identification:_identify(ka/assets/meshes) by extension 'python'
[0.359s] Level 1:colcon.colcon_core.package_identification:_identify(ka/assets/meshes) by extensions ['python_setup_py']
[0.359s] Level 1:colcon.colcon_core.package_identification:_identify(ka/assets/meshes) by extension 'python_setup_py'
[0.359s] Level 1:colcon.colcon_core.package_identification:_identify(ka/notebooks) by extensions ['ignore', 'ignore_ament_install']
[0.359s] Level 1:colcon.colcon_core.package_identification:_identify(ka/notebooks) by extension 'ignore'
[0.359s] Level 1:colcon.colcon_core.package_identification:_identify(ka/notebooks) by extension 'ignore_ament_install'
[0.359s] Level 1:colcon.colcon_core.package_identification:_identify(ka/notebooks) by extensions ['colcon_pkg']
[0.359s] Level 1:colcon.colcon_core.package_identification:_identify(ka/notebooks) by extension 'colcon_pkg'
[0.359s] Level 1:colcon.colcon_core.package_identification:_identify(ka/notebooks) by extensions ['colcon_meta']
[0.359s] Level 1:colcon.colcon_core.package_identification:_identify(ka/notebooks) by extension 'colcon_meta'
[0.359s] Level 1:colcon.colcon_core.package_identification:_identify(ka/notebooks) by extensions ['ros']
[0.359s] Level 1:colcon.colcon_core.package_identification:_identify(ka/notebooks) by extension 'ros'
[0.359s] Level 1:colcon.colcon_core.package_identification:_identify(ka/notebooks) by extensions ['cmake', 'python']
[0.359s] Level 1:colcon.colcon_core.package_identification:_identify(ka/notebooks) by extension 'cmake'
[0.359s] Level 1:colcon.colcon_core.package_identification:_identify(ka/notebooks) by extension 'python'
[0.359s] Level 1:colcon.colcon_core.package_identification:_identify(ka/notebooks) by extensions ['python_setup_py']
[0.359s] Level 1:colcon.colcon_core.package_identification:_identify(ka/notebooks) by extension 'python_setup_py'
[0.360s] Level 1:colcon.colcon_core.package_identification:_identify(ka/ros2_ws) by extensions ['ignore', 'ignore_ament_install']
[0.360s] Level 1:colcon.colcon_core.package_identification:_identify(ka/ros2_ws) by extension 'ignore'
[0.360s] Level 1:colcon.colcon_core.package_identification:_identify(ka/ros2_ws) by extension 'ignore_ament_install'
[0.360s] Level 1:colcon.colcon_core.package_identification:_identify(ka/ros2_ws) by extensions ['colcon_pkg']
[0.360s] Level 1:colcon.colcon_core.package_identification:_identify(ka/ros2_ws) by extension 'colcon_pkg'
[0.360s] Level 1:colcon.colcon_core.package_identification:_identify(ka/ros2_ws) by extensions ['colcon_meta']
[0.360s] Level 1:colcon.colcon_core.package_identification:_identify(ka/ros2_ws) by extension 'colcon_meta'
[0.360s] Level 1:colcon.colcon_core.package_identification:_identify(ka/ros2_ws) by extensions ['ros']
[0.360s] Level 1:colcon.colcon_core.package_identification:_identify(ka/ros2_ws) by extension 'ros'
[0.360s] Level 1:colcon.colcon_core.package_identification:_identify(ka/ros2_ws) by extensions ['cmake', 'python']
[0.360s] Level 1:colcon.colcon_core.package_identification:_identify(ka/ros2_ws) by extension 'cmake'
[0.360s] Level 1:colcon.colcon_core.package_identification:_identify(ka/ros2_ws) by extension 'python'
[0.360s] Level 1:colcon.colcon_core.package_identification:_identify(ka/ros2_ws) by extensions ['python_setup_py']
[0.360s] Level 1:colcon.colcon_core.package_identification:_identify(ka/ros2_ws) by extension 'python_setup_py'
[0.360s] Level 1:colcon.colcon_core.package_identification:_identify(ka/ros2_ws/build) by extensions ['ignore', 'ignore_ament_install']
[0.360s] Level 1:colcon.colcon_core.package_identification:_identify(ka/ros2_ws/build) by extension 'ignore'
[0.360s] Level 1:colcon.colcon_core.package_identification:_identify(ka/ros2_ws/build) ignored
[0.360s] Level 1:colcon.colcon_core.package_identification:_identify(ka/ros2_ws/install) by extensions ['ignore', 'ignore_ament_install']
[0.361s] Level 1:colcon.colcon_core.package_identification:_identify(ka/ros2_ws/install) by extension 'ignore'
[0.361s] Level 1:colcon.colcon_core.package_identification:_identify(ka/ros2_ws/install) ignored
[0.361s] Level 1:colcon.colcon_core.package_identification:_identify(ka/ros2_ws/log) by extensions ['ignore', 'ignore_ament_install']
[0.361s] Level 1:colcon.colcon_core.package_identification:_identify(ka/ros2_ws/log) by extension 'ignore'
[0.361s] Level 1:colcon.colcon_core.package_identification:_identify(ka/ros2_ws/log) ignored
[0.361s] Level 1:colcon.colcon_core.package_identification:_identify(ka/ros2_ws/src) by extensions ['ignore', 'ignore_ament_install']
[0.361s] Level 1:colcon.colcon_core.package_identification:_identify(ka/ros2_ws/src) by extension 'ignore'
[0.361s] Level 1:colcon.colcon_core.package_identification:_identify(ka/ros2_ws/src) by extension 'ignore_ament_install'
[0.361s] Level 1:colcon.colcon_core.package_identification:_identify(ka/ros2_ws/src) by extensions ['colcon_pkg']
[0.361s] Level 1:colcon.colcon_core.package_identification:_identify(ka/ros2_ws/src) by extension 'colcon_pkg'
[0.361s] Level 1:colcon.colcon_core.package_identification:_identify(ka/ros2_ws/src) by extensions ['colcon_meta']
[0.361s] Level 1:colcon.colcon_core.package_identification:_identify(ka/ros2_ws/src) by extension 'colcon_meta'
[0.361s] Level 1:colcon.colcon_core.package_identification:_identify(ka/ros2_ws/src) by extensions ['ros']
[0.361s] Level 1:colcon.colcon_core.package_identification:_identify(ka/ros2_ws/src) by extension 'ros'
[0.361s] Level 1:colcon.colcon_core.package_identification:_identify(ka/ros2_ws/src) by extensions ['cmake', 'python']
[0.361s] Level 1:colcon.colcon_core.package_identification:_identify(ka/ros2_ws/src) by extension 'cmake'
[0.361s] Level 1:colcon.colcon_core.package_identification:_identify(ka/ros2_ws/src) by extension 'python'
[0.361s] Level 1:colcon.colcon_core.package_identification:_identify(ka/ros2_ws/src) by extensions ['python_setup_py']
[0.361s] Level 1:colcon.colcon_core.package_identification:_identify(ka/ros2_ws/src) by extension 'python_setup_py'
[0.362s] Level 1:colcon.colcon_core.package_identification:_identify(ka/ros2_ws/src/air_hockey_challenge) by extensions ['ignore', 'ignore_ament_install']
[0.362s] Level 1:colcon.colcon_core.package_identification:_identify(ka/ros2_ws/src/air_hockey_challenge) by extension 'ignore'
[0.362s] Level 1:colcon.colcon_core.package_identification:_identify(ka/ros2_ws/src/air_hockey_challenge) by extension 'ignore_ament_install'
[0.362s] Level 1:colcon.colcon_core.package_identification:_identify(ka/ros2_ws/src/air_hockey_challenge) by extensions ['colcon_pkg']
[0.362s] Level 1:colcon.colcon_core.package_identification:_identify(ka/ros2_ws/src/air_hockey_challenge) by extension 'colcon_pkg'
[0.362s] Level 1:colcon.colcon_core.package_identification:_identify(ka/ros2_ws/src/air_hockey_challenge) by extensions ['colcon_meta']
[0.362s] Level 1:colcon.colcon_core.package_identification:_identify(ka/ros2_ws/src/air_hockey_challenge) by extension 'colcon_meta'
[0.362s] Level 1:colcon.colcon_core.package_identification:_identify(ka/ros2_ws/src/air_hockey_challenge) by extensions ['ros']
[0.362s] Level 1:colcon.colcon_core.package_identification:_identify(ka/ros2_ws/src/air_hockey_challenge) by extension 'ros'
[0.362s] Level 1:colcon.colcon_core.package_identification:_identify(ka/ros2_ws/src/air_hockey_challenge) by extensions ['cmake', 'python']
[0.362s] Level 1:colcon.colcon_core.package_identification:_identify(ka/ros2_ws/src/air_hockey_challenge) by extension 'cmake'
[0.362s] Level 1:colcon.colcon_core.package_identification:_identify(ka/ros2_ws/src/air_hockey_challenge) by extension 'python'
[0.362s] Level 1:colcon.colcon_core.package_identification:_identify(ka/ros2_ws/src/air_hockey_challenge) by extensions ['python_setup_py']
[0.362s] Level 1:colcon.colcon_core.package_identification:_identify(ka/ros2_ws/src/air_hockey_challenge) by extension 'python_setup_py'
[0.581s] DEBUG:colcon.colcon_core.package_identification:Package 'ka/ros2_ws/src/air_hockey_challenge' with type 'python' and name 'AirHockeyChallenge'
[0.581s] Level 1:colcon.colcon_core.package_identification:_identify(ka/ros2_ws/src/crane_x7_description) by extensions ['ignore', 'ignore_ament_install']
[0.581s] Level 1:colcon.colcon_core.package_identification:_identify(ka/ros2_ws/src/crane_x7_description) by extension 'ignore'
[0.582s] Level 1:colcon.colcon_core.package_identification:_identify(ka/ros2_ws/src/crane_x7_description) by extension 'ignore_ament_install'
[0.582s] Level 1:colcon.colcon_core.package_identification:_identify(ka/ros2_ws/src/crane_x7_description) by extensions ['colcon_pkg']
[0.582s] Level 1:colcon.colcon_core.package_identification:_identify(ka/ros2_ws/src/crane_x7_description) by extension 'colcon_pkg'
[0.582s] Level 1:colcon.colcon_core.package_identification:_identify(ka/ros2_ws/src/crane_x7_description) by extensions ['colcon_meta']
[0.582s] Level 1:colcon.colcon_core.package_identification:_identify(ka/ros2_ws/src/crane_x7_description) by extension 'colcon_meta'
[0.582s] Level 1:colcon.colcon_core.package_identification:_identify(ka/ros2_ws/src/crane_x7_description) by extensions ['ros']
[0.582s] Level 1:colcon.colcon_core.package_identification:_identify(ka/ros2_ws/src/crane_x7_description) by extension 'ros'
[0.585s] DEBUG:colcon.colcon_core.package_identification:Package 'ka/ros2_ws/src/crane_x7_description' with type 'ros.ament_cmake' and name 'crane_x7_description'
[0.585s] Level 1:colcon.colcon_core.package_identification:_identify(ka/src) by extensions ['ignore', 'ignore_ament_install']
[0.585s] Level 1:colcon.colcon_core.package_identification:_identify(ka/src) by extension 'ignore'
[0.585s] Level 1:colcon.colcon_core.package_identification:_identify(ka/src) by extension 'ignore_ament_install'
[0.586s] Level 1:colcon.colcon_core.package_identification:_identify(ka/src) by extensions ['colcon_pkg']
[0.586s] Level 1:colcon.colcon_core.package_identification:_identify(ka/src) by extension 'colcon_pkg'
[0.586s] Level 1:colcon.colcon_core.package_identification:_identify(ka/src) by extensions ['colcon_meta']
[0.586s] Level 1:colcon.colcon_core.package_identification:_identify(ka/src) by extension 'colcon_meta'
[0.586s] Level 1:colcon.colcon_core.package_identification:_identify(ka/src) by extensions ['ros']
[0.586s] Level 1:colcon.colcon_core.package_identification:_identify(ka/src) by extension 'ros'
[0.586s] Level 1:colcon.colcon_core.package_identification:_identify(ka/src) by extensions ['cmake', 'python']
[0.586s] Level 1:colcon.colcon_core.package_identification:_identify(ka/src) by extension 'cmake'
[0.586s] Level 1:colcon.colcon_core.package_identification:_identify(ka/src) by extension 'python'
[0.586s] Level 1:colcon.colcon_core.package_identification:_identify(ka/src) by extensions ['python_setup_py']
[0.586s] Level 1:colcon.colcon_core.package_identification:_identify(ka/src) by extension 'python_setup_py'
[0.586s] Level 1:colcon.colcon_core.package_identification:_identify(log) by extensions ['ignore', 'ignore_ament_install']
[0.586s] Level 1:colcon.colcon_core.package_identification:_identify(log) by extension 'ignore'
[0.586s] Level 1:colcon.colcon_core.package_identification:_identify(log) ignored
[0.586s] Level 1:colcon.colcon_core.package_identification:_identify(virtual_desktop_docker) by extensions ['ignore', 'ignore_ament_install']
[0.586s] Level 1:colcon.colcon_core.package_identification:_identify(virtual_desktop_docker) by extension 'ignore'
[0.586s] Level 1:colcon.colcon_core.package_identification:_identify(virtual_desktop_docker) by extension 'ignore_ament_install'
[0.586s] Level 1:colcon.colcon_core.package_identification:_identify(virtual_desktop_docker) by extensions ['colcon_pkg']
[0.586s] Level 1:colcon.colcon_core.package_identification:_identify(virtual_desktop_docker) by extension 'colcon_pkg'
[0.587s] Level 1:colcon.colcon_core.package_identification:_identify(virtual_desktop_docker) by extensions ['colcon_meta']
[0.587s] Level 1:colcon.colcon_core.package_identification:_identify(virtual_desktop_docker) by extension 'colcon_meta'
[0.587s] Level 1:colcon.colcon_core.package_identification:_identify(virtual_desktop_docker) by extensions ['ros']
[0.587s] Level 1:colcon.colcon_core.package_identification:_identify(virtual_desktop_docker) by extension 'ros'
[0.587s] Level 1:colcon.colcon_core.package_identification:_identify(virtual_desktop_docker) by extensions ['cmake', 'python']
[0.587s] Level 1:colcon.colcon_core.package_identification:_identify(virtual_desktop_docker) by extension 'cmake'
[0.587s] Level 1:colcon.colcon_core.package_identification:_identify(virtual_desktop_docker) by extension 'python'
[0.587s] Level 1:colcon.colcon_core.package_identification:_identify(virtual_desktop_docker) by extensions ['python_setup_py']
[0.587s] Level 1:colcon.colcon_core.package_identification:_identify(virtual_desktop_docker) by extension 'python_setup_py'
[0.587s] Level 1:colcon.colcon_core.package_identification:_identify(virtual_desktop_docker/docker) by extensions ['ignore', 'ignore_ament_install']
[0.587s] Level 1:colcon.colcon_core.package_identification:_identify(virtual_desktop_docker/docker) by extension 'ignore'
[0.587s] Level 1:colcon.colcon_core.package_identification:_identify(virtual_desktop_docker/docker) by extension 'ignore_ament_install'
[0.587s] Level 1:colcon.colcon_core.package_identification:_identify(virtual_desktop_docker/docker) by extensions ['colcon_pkg']
[0.587s] Level 1:colcon.colcon_core.package_identification:_identify(virtual_desktop_docker/docker) by extension 'colcon_pkg'
[0.587s] Level 1:colcon.colcon_core.package_identification:_identify(virtual_desktop_docker/docker) by extensions ['colcon_meta']
[0.587s] Level 1:colcon.colcon_core.package_identification:_identify(virtual_desktop_docker/docker) by extension 'colcon_meta'
[0.587s] Level 1:colcon.colcon_core.package_identification:_identify(virtual_desktop_docker/docker) by extensions ['ros']
[0.587s] Level 1:colcon.colcon_core.package_identification:_identify(virtual_desktop_docker/docker) by extension 'ros'
[0.587s] Level 1:colcon.colcon_core.package_identification:_identify(virtual_desktop_docker/docker) by extensions ['cmake', 'python']
[0.587s] Level 1:colcon.colcon_core.package_identification:_identify(virtual_desktop_docker/docker) by extension 'cmake'
[0.588s] Level 1:colcon.colcon_core.package_identification:_identify(virtual_desktop_docker/docker) by extension 'python'
[0.588s] Level 1:colcon.colcon_core.package_identification:_identify(virtual_desktop_docker/docker) by extensions ['python_setup_py']
[0.588s] Level 1:colcon.colcon_core.package_identification:_identify(virtual_desktop_docker/docker) by extension 'python_setup_py'
[0.588s] Level 1:colcon.colcon_core.package_discovery:discover_packages(recursive) using defaults
[0.588s] Level 1:colcon.colcon_core.package_discovery:discover_packages(ignore) discover
[0.588s] Level 1:colcon.colcon_core.package_discovery:discover_packages(ignore) using defaults
[0.588s] Level 1:colcon.colcon_core.package_discovery:discover_packages(path) discover
[0.588s] Level 1:colcon.colcon_core.package_discovery:discover_packages(path) using defaults
[0.603s] Level 1:colcon.colcon_core.package_discovery:discover_packages(prefix_path) check parameters
[0.603s] Level 1:colcon.colcon_core.package_discovery:discover_packages(prefix_path) discover
[0.605s] DEBUG:colcon.colcon_installed_package_information.package_discovery:Found 1 installed packages in /workspace/ros2_ws/install
[0.607s] DEBUG:colcon.colcon_installed_package_information.package_discovery:Found 260 installed packages in /opt/ros/foxy
[0.620s] Level 1:colcon.colcon_core.package_discovery:discover_packages(prefix_path) using defaults
[0.682s] Level 5:colcon.colcon_core.verb:set package 'AirHockeyChallenge' build argument 'cmake_args' from command line to 'None'
[0.682s] Level 5:colcon.colcon_core.verb:set package 'AirHockeyChallenge' build argument 'cmake_target' from command line to 'None'
[0.682s] Level 5:colcon.colcon_core.verb:set package 'AirHockeyChallenge' build argument 'cmake_target_skip_unavailable' from command line to 'False'
[0.682s] Level 5:colcon.colcon_core.verb:set package 'AirHockeyChallenge' build argument 'cmake_clean_cache' from command line to 'False'
[0.682s] Level 5:colcon.colcon_core.verb:set package 'AirHockeyChallenge' build argument 'cmake_clean_first' from command line to 'False'
[0.682s] Level 5:colcon.colcon_core.verb:set package 'AirHockeyChallenge' build argument 'cmake_force_configure' from command line to 'False'
[0.682s] Level 5:colcon.colcon_core.verb:set package 'AirHockeyChallenge' build argument 'ament_cmake_args' from command line to 'None'
[0.682s] Level 5:colcon.colcon_core.verb:set package 'AirHockeyChallenge' build argument 'catkin_cmake_args' from command line to 'None'
[0.682s] Level 5:colcon.colcon_core.verb:set package 'AirHockeyChallenge' build argument 'catkin_skip_building_tests' from command line to 'False'
[0.682s] DEBUG:colcon.colcon_core.verb:Building package 'AirHockeyChallenge' with the following arguments: {'ament_cmake_args': None, 'build_base': '/workspace/ros2_ws/src/airhockey2025/build/AirHockeyChallenge', 'catkin_cmake_args': None, 'catkin_skip_building_tests': False, 'cmake_args': None, 'cmake_clean_cache': False, 'cmake_clean_first': False, 'cmake_force_configure': False, 'cmake_target': None, 'cmake_target_skip_unavailable': False, 'install_base': '/workspace/ros2_ws/src/airhockey2025/install/AirHockeyChallenge', 'merge_install': False, 'path': '/workspace/ros2_ws/src/airhockey2025/ka/ros2_ws/src/air_hockey_challenge', 'symlink_install': True, 'test_result_base': None}
[0.683s] Level 5:colcon.colcon_core.verb:set package 'crane_x7_description' build argument 'cmake_args' from command line to 'None'
[0.683s] Level 5:colcon.colcon_core.verb:set package 'crane_x7_description' build argument 'cmake_target' from command line to 'None'
[0.683s] Level 5:colcon.colcon_core.verb:set package 'crane_x7_description' build argument 'cmake_target_skip_unavailable' from command line to 'False'
[0.683s] Level 5:colcon.colcon_core.verb:set package 'crane_x7_description' build argument 'cmake_clean_cache' from command line to 'False'
[0.683s] Level 5:colcon.colcon_core.verb:set package 'crane_x7_description' build argument 'cmake_clean_first' from command line to 'False'
[0.683s] Level 5:colcon.colcon_core.verb:set package 'crane_x7_description' build argument 'cmake_force_configure' from command line to 'False'
[0.683s] Level 5:colcon.colcon_core.verb:set package 'crane_x7_description' build argument 'ament_cmake_args' from command line to 'None'
[0.683s] Level 5:colcon.colcon_core.verb:set package 'crane_x7_description' build argument 'catkin_cmake_args' from command line to 'None'
[0.683s] Level 5:colcon.colcon_core.verb:set package 'crane_x7_description' build argument 'catkin_skip_building_tests' from command line to 'False'
[0.683s] DEBUG:colcon.colcon_core.verb:Building package 'crane_x7_description' with the following arguments: {'ament_cmake_args': None, 'build_base': '/workspace/ros2_ws/src/airhockey2025/build/crane_x7_description', 'catkin_cmake_args': None, 'catkin_skip_building_tests': False, 'cmake_args': None, 'cmake_clean_cache': False, 'cmake_clean_first': False, 'cmake_force_configure': False, 'cmake_target': None, 'cmake_target_skip_unavailable': False, 'install_base': '/workspace/ros2_ws/src/airhockey2025/install/crane_x7_description', 'merge_install': False, 'path': '/workspace/ros2_ws/src/airhockey2025/ka/ros2_ws/src/crane_x7_description', 'symlink_install': True, 'test_result_base': None}
[0.683s] INFO:colcon.colcon_core.executor:Executing jobs using 'parallel' executor
[0.684s] DEBUG:colcon.colcon_parallel_executor.executor.parallel:run_until_complete
[0.685s] INFO:colcon.colcon_core.task.python.build:Building Python package in '/workspace/ros2_ws/src/airhockey2025/ka/ros2_ws/src/air_hockey_challenge'
[0.686s] INFO:colcon.colcon_core.plugin_system:Skipping extension 'colcon_core.shell.bat': Not used on non-Windows systems
[0.687s] INFO:colcon.colcon_core.shell:Skip shell extension 'powershell' for command environment: Not usable outside of PowerShell
[0.687s] DEBUG:colcon.colcon_core.shell:Skip shell extension 'dsv' for command environment
[0.694s] INFO:colcon.colcon_ros.task.ament_cmake.build:Building ROS package in '/workspace/ros2_ws/src/airhockey2025/ka/ros2_ws/src/crane_x7_description' with build type 'ament_cmake'
[0.694s] INFO:colcon.colcon_cmake.task.cmake.build:Building CMake package in '/workspace/ros2_ws/src/airhockey2025/ka/ros2_ws/src/crane_x7_description'
[0.694s] INFO:colcon.colcon_core.shell:Skip shell extension 'powershell' for command environment: Not usable outside of PowerShell
[0.694s] DEBUG:colcon.colcon_core.shell:Skip shell extension 'dsv' for command environment
[0.919s] DEBUG:colcon.colcon_core.event_handler.log_command:Invoking command in '/workspace/ros2_ws/src/airhockey2025/build/crane_x7_description': CMAKE_PREFIX_PATH=${CMAKE_PREFIX_PATH}:/opt/ros/foxy /usr/bin/cmake /workspace/ros2_ws/src/airhockey2025/ka/ros2_ws/src/crane_x7_description -DAMENT_CMAKE_SYMLINK_INSTALL=1 -DCMAKE_INSTALL_PREFIX=/workspace/ros2_ws/src/airhockey2025/install/crane_x7_description
[1.274s] DEBUG:colcon.colcon_core.event_handler.log_command:Invoking command in '/workspace/ros2_ws/src/airhockey2025/build/AirHockeyChallenge': PYTHONPATH=/workspace/ros2_ws/src/airhockey2025/build/AirHockeyChallenge/prefix_override:/usr/lib/python3/dist-packages/colcon_core/task/python/colcon_distutils_commands:/workspace/ros2_ws/src/airhockey2025/install/AirHockeyChallenge/lib/python3.8/site-packages:${PYTHONPATH} /usr/bin/python3 -W ignore:setup.py install is deprecated -W ignore:easy_install command is deprecated setup.py develop --editable --build-directory /workspace/ros2_ws/src/airhockey2025/build/AirHockeyChallenge/build --no-deps
[1.701s] Level 1:colcon.colcon_core.shell:create_environment_hook('AirHockeyChallenge', 'pythonpath_develop')
[1.702s] INFO:colcon.colcon_core.shell:Creating environment hook '/workspace/ros2_ws/src/airhockey2025/build/AirHockeyChallenge/share/AirHockeyChallenge/hook/pythonpath_develop.ps1'
[1.702s] DEBUG:colcon.colcon_core.event_handler.log_command:Invoked command in '/workspace/ros2_ws/src/airhockey2025/build/AirHockeyChallenge' returned '0': PYTHONPATH=/workspace/ros2_ws/src/airhockey2025/build/AirHockeyChallenge/prefix_override:/usr/lib/python3/dist-packages/colcon_core/task/python/colcon_distutils_commands:/workspace/ros2_ws/src/airhockey2025/install/AirHockeyChallenge/lib/python3.8/site-packages:${PYTHONPATH} /usr/bin/python3 -W ignore:setup.py install is deprecated -W ignore:easy_install command is deprecated setup.py develop --editable --build-directory /workspace/ros2_ws/src/airhockey2025/build/AirHockeyChallenge/build --no-deps
[1.703s] INFO:colcon.colcon_core.shell:Creating environment descriptor '/workspace/ros2_ws/src/airhockey2025/build/AirHockeyChallenge/share/AirHockeyChallenge/hook/pythonpath_develop.dsv'
[1.703s] INFO:colcon.colcon_core.shell:Creating environment hook '/workspace/ros2_ws/src/airhockey2025/build/AirHockeyChallenge/share/AirHockeyChallenge/hook/pythonpath_develop.sh'
[1.706s] Level 1:colcon.colcon_core.environment:checking '/workspace/ros2_ws/src/airhockey2025/install/AirHockeyChallenge' for CMake module files
[1.706s] Level 1:colcon.colcon_core.environment:checking '/workspace/ros2_ws/src/airhockey2025/install/AirHockeyChallenge' for CMake config files
[1.707s] Level 1:colcon.colcon_core.environment:checking '/workspace/ros2_ws/src/airhockey2025/install/AirHockeyChallenge/lib'
[1.707s] Level 1:colcon.colcon_core.environment:checking '/workspace/ros2_ws/src/airhockey2025/install/AirHockeyChallenge/bin'
[1.707s] Level 1:colcon.colcon_core.environment:checking '/workspace/ros2_ws/src/airhockey2025/install/AirHockeyChallenge/lib/pkgconfig/AirHockeyChallenge.pc'
[1.707s] Level 1:colcon.colcon_core.environment:checking '/workspace/ros2_ws/src/airhockey2025/install/AirHockeyChallenge/lib/python3.8/site-packages'
[1.707s] Level 1:colcon.colcon_core.shell:create_environment_hook('AirHockeyChallenge', 'pythonpath')
[1.707s] INFO:colcon.colcon_core.shell:Creating environment hook '/workspace/ros2_ws/src/airhockey2025/install/AirHockeyChallenge/share/AirHockeyChallenge/hook/pythonpath.ps1'
[1.708s] INFO:colcon.colcon_core.shell:Creating environment descriptor '/workspace/ros2_ws/src/airhockey2025/install/AirHockeyChallenge/share/AirHockeyChallenge/hook/pythonpath.dsv'
[1.708s] INFO:colcon.colcon_core.shell:Creating environment hook '/workspace/ros2_ws/src/airhockey2025/install/AirHockeyChallenge/share/AirHockeyChallenge/hook/pythonpath.sh'
[1.708s] Level 1:colcon.colcon_core.environment:checking '/workspace/ros2_ws/src/airhockey2025/install/AirHockeyChallenge/bin'
[1.708s] Level 1:colcon.colcon_core.environment:create_environment_scripts_only(AirHockeyChallenge)
[1.709s] INFO:colcon.colcon_core.shell:Creating package script '/workspace/ros2_ws/src/airhockey2025/install/AirHockeyChallenge/share/AirHockeyChallenge/package.ps1'
[1.709s] INFO:colcon.colcon_core.shell:Creating package descriptor '/workspace/ros2_ws/src/airhockey2025/install/AirHockeyChallenge/share/AirHockeyChallenge/package.dsv'
[1.710s] INFO:colcon.colcon_core.shell:Creating package script '/workspace/ros2_ws/src/airhockey2025/install/AirHockeyChallenge/share/AirHockeyChallenge/package.sh'
[1.710s] INFO:colcon.colcon_core.shell:Creating package script '/workspace/ros2_ws/src/airhockey2025/install/AirHockeyChallenge/share/AirHockeyChallenge/package.bash'
[1.711s] INFO:colcon.colcon_core.shell:Creating package script '/workspace/ros2_ws/src/airhockey2025/install/AirHockeyChallenge/share/AirHockeyChallenge/package.zsh'
[1.712s] Level 1:colcon.colcon_core.environment:create_file_with_runtime_dependencies(/workspace/ros2_ws/src/airhockey2025/install/AirHockeyChallenge/share/colcon-core/packages/AirHockeyChallenge)
[2.457s] DEBUG:colcon.colcon_core.event_handler.log_command:Invoked command in '/workspace/ros2_ws/src/airhockey2025/build/crane_x7_description' returned '0': CMAKE_PREFIX_PATH=${CMAKE_PREFIX_PATH}:/opt/ros/foxy /usr/bin/cmake /workspace/ros2_ws/src/airhockey2025/ka/ros2_ws/src/crane_x7_description -DAMENT_CMAKE_SYMLINK_INSTALL=1 -DCMAKE_INSTALL_PREFIX=/workspace/ros2_ws/src/airhockey2025/install/crane_x7_description
[2.458s] DEBUG:colcon.colcon_core.event_handler.log_command:Invoking command in '/workspace/ros2_ws/src/airhockey2025/build/crane_x7_description': CMAKE_PREFIX_PATH=${CMAKE_PREFIX_PATH}:/opt/ros/foxy /usr/bin/cmake --build /workspace/ros2_ws/src/airhockey2025/build/crane_x7_description -- -j64 -l64
[2.506s] DEBUG:colcon.colcon_core.event_handler.log_command:Invoked command in '/workspace/ros2_ws/src/airhockey2025/build/crane_x7_description' returned '0': CMAKE_PREFIX_PATH=${CMAKE_PREFIX_PATH}:/opt/ros/foxy /usr/bin/cmake --build /workspace/ros2_ws/src/airhockey2025/build/crane_x7_description -- -j64 -l64
[2.522s] DEBUG:colcon.colcon_core.event_handler.log_command:Invoking command in '/workspace/ros2_ws/src/airhockey2025/build/crane_x7_description': CMAKE_PREFIX_PATH=${CMAKE_PREFIX_PATH}:/opt/ros/foxy /usr/bin/cmake --install /workspace/ros2_ws/src/airhockey2025/build/crane_x7_description
[3.225s] Level 1:colcon.colcon_core.environment:create_environment_scripts_only(crane_x7_description)
[3.226s] Level 1:colcon.colcon_core.environment:checking '/workspace/ros2_ws/src/airhockey2025/install/crane_x7_description' for CMake module files
[3.226s] DEBUG:colcon.colcon_core.event_handler.log_command:Invoked command in '/workspace/ros2_ws/src/airhockey2025/build/crane_x7_description' returned '0': CMAKE_PREFIX_PATH=${CMAKE_PREFIX_PATH}:/opt/ros/foxy /usr/bin/cmake --install /workspace/ros2_ws/src/airhockey2025/build/crane_x7_description
[3.227s] Level 1:colcon.colcon_core.environment:checking '/workspace/ros2_ws/src/airhockey2025/install/crane_x7_description' for CMake config files
[3.228s] Level 1:colcon.colcon_core.shell:create_environment_hook('crane_x7_description', 'cmake_prefix_path')
[3.228s] INFO:colcon.colcon_core.shell:Creating environment hook '/workspace/ros2_ws/src/airhockey2025/install/crane_x7_description/share/crane_x7_description/hook/cmake_prefix_path.ps1'
[3.229s] INFO:colcon.colcon_core.shell:Creating environment descriptor '/workspace/ros2_ws/src/airhockey2025/install/crane_x7_description/share/crane_x7_description/hook/cmake_prefix_path.dsv'
[3.229s] INFO:colcon.colcon_core.shell:Creating environment hook '/workspace/ros2_ws/src/airhockey2025/install/crane_x7_description/share/crane_x7_description/hook/cmake_prefix_path.sh'
[3.230s] Level 1:colcon.colcon_core.environment:checking '/workspace/ros2_ws/src/airhockey2025/install/crane_x7_description/lib'
[3.230s] Level 1:colcon.colcon_core.environment:checking '/workspace/ros2_ws/src/airhockey2025/install/crane_x7_description/bin'
[3.230s] Level 1:colcon.colcon_core.environment:checking '/workspace/ros2_ws/src/airhockey2025/install/crane_x7_description/lib/pkgconfig/crane_x7_description.pc'
[3.230s] Level 1:colcon.colcon_core.environment:checking '/workspace/ros2_ws/src/airhockey2025/install/crane_x7_description/lib/python3.8/site-packages'
[3.230s] Level 1:colcon.colcon_core.shell:create_environment_hook('crane_x7_description', 'pythonpath')
[3.230s] INFO:colcon.colcon_core.shell:Creating environment hook '/workspace/ros2_ws/src/airhockey2025/install/crane_x7_description/share/crane_x7_description/hook/pythonpath.ps1'
[3.231s] INFO:colcon.colcon_core.shell:Creating environment descriptor '/workspace/ros2_ws/src/airhockey2025/install/crane_x7_description/share/crane_x7_description/hook/pythonpath.dsv'
[3.231s] INFO:colcon.colcon_core.shell:Creating environment hook '/workspace/ros2_ws/src/airhockey2025/install/crane_x7_description/share/crane_x7_description/hook/pythonpath.sh'
[3.231s] Level 1:colcon.colcon_core.environment:checking '/workspace/ros2_ws/src/airhockey2025/install/crane_x7_description/bin'
[3.232s] INFO:colcon.colcon_core.shell:Creating package script '/workspace/ros2_ws/src/airhockey2025/install/crane_x7_description/share/crane_x7_description/package.ps1'
[3.232s] INFO:colcon.colcon_core.shell:Creating package descriptor '/workspace/ros2_ws/src/airhockey2025/install/crane_x7_description/share/crane_x7_description/package.dsv'
[3.233s] INFO:colcon.colcon_core.shell:Creating package script '/workspace/ros2_ws/src/airhockey2025/install/crane_x7_description/share/crane_x7_description/package.sh'
[3.233s] INFO:colcon.colcon_core.shell:Creating package script '/workspace/ros2_ws/src/airhockey2025/install/crane_x7_description/share/crane_x7_description/package.bash'
[3.233s] INFO:colcon.colcon_core.shell:Creating package script '/workspace/ros2_ws/src/airhockey2025/install/crane_x7_description/share/crane_x7_description/package.zsh'
[3.234s] Level 1:colcon.colcon_core.environment:create_file_with_runtime_dependencies(/workspace/ros2_ws/src/airhockey2025/install/crane_x7_description/share/colcon-core/packages/crane_x7_description)
[3.234s] Level 1:colcon.colcon_core.environment:create_environment_scripts_only(crane_x7_description)
[3.234s] Level 1:colcon.colcon_core.environment:checking '/workspace/ros2_ws/src/airhockey2025/install/crane_x7_description' for CMake module files
[3.235s] Level 1:colcon.colcon_core.environment:checking '/workspace/ros2_ws/src/airhockey2025/install/crane_x7_description' for CMake config files
[3.236s] Level 1:colcon.colcon_core.shell:create_environment_hook('crane_x7_description', 'cmake_prefix_path')
[3.236s] INFO:colcon.colcon_core.shell:Creating environment hook '/workspace/ros2_ws/src/airhockey2025/install/crane_x7_description/share/crane_x7_description/hook/cmake_prefix_path.ps1'
[3.236s] INFO:colcon.colcon_core.shell:Creating environment descriptor '/workspace/ros2_ws/src/airhockey2025/install/crane_x7_description/share/crane_x7_description/hook/cmake_prefix_path.dsv'
[3.236s] INFO:colcon.colcon_core.shell:Creating environment hook '/workspace/ros2_ws/src/airhockey2025/install/crane_x7_description/share/crane_x7_description/hook/cmake_prefix_path.sh'
[3.237s] Level 1:colcon.colcon_core.environment:checking '/workspace/ros2_ws/src/airhockey2025/install/crane_x7_description/lib'
[3.237s] Level 1:colcon.colcon_core.environment:checking '/workspace/ros2_ws/src/airhockey2025/install/crane_x7_description/bin'
[3.237s] Level 1:colcon.colcon_core.environment:checking '/workspace/ros2_ws/src/airhockey2025/install/crane_x7_description/lib/pkgconfig/crane_x7_description.pc'
[3.237s] Level 1:colcon.colcon_core.environment:checking '/workspace/ros2_ws/src/airhockey2025/install/crane_x7_description/lib/python3.8/site-packages'
[3.237s] Level 1:colcon.colcon_core.shell:create_environment_hook('crane_x7_description', 'pythonpath')
[3.237s] INFO:colcon.colcon_core.shell:Creating environment hook '/workspace/ros2_ws/src/airhockey2025/install/crane_x7_description/share/crane_x7_description/hook/pythonpath.ps1'
[3.238s] INFO:colcon.colcon_core.shell:Creating environment descriptor '/workspace/ros2_ws/src/airhockey2025/install/crane_x7_description/share/crane_x7_description/hook/pythonpath.dsv'
[3.238s] INFO:colcon.colcon_core.shell:Creating environment hook '/workspace/ros2_ws/src/airhockey2025/install/crane_x7_description/share/crane_x7_description/hook/pythonpath.sh'
[3.238s] Level 1:colcon.colcon_core.environment:checking '/workspace/ros2_ws/src/airhockey2025/install/crane_x7_description/bin'
[3.238s] INFO:colcon.colcon_core.shell:Creating package script '/workspace/ros2_ws/src/airhockey2025/install/crane_x7_description/share/crane_x7_description/package.ps1'
[3.239s] INFO:colcon.colcon_core.shell:Creating package descriptor '/workspace/ros2_ws/src/airhockey2025/install/crane_x7_description/share/crane_x7_description/package.dsv'
[3.239s] INFO:colcon.colcon_core.shell:Creating package script '/workspace/ros2_ws/src/airhockey2025/install/crane_x7_description/share/crane_x7_description/package.sh'
[3.240s] INFO:colcon.colcon_core.shell:Creating package script '/workspace/ros2_ws/src/airhockey2025/install/crane_x7_description/share/crane_x7_description/package.bash'
[3.240s] INFO:colcon.colcon_core.shell:Creating package script '/workspace/ros2_ws/src/airhockey2025/install/crane_x7_description/share/crane_x7_description/package.zsh'
[3.240s] Level 1:colcon.colcon_core.environment:create_file_with_runtime_dependencies(/workspace/ros2_ws/src/airhockey2025/install/crane_x7_description/share/colcon-core/packages/crane_x7_description)
[3.241s] DEBUG:colcon.colcon_parallel_executor.executor.parallel:closing loop
[3.241s] DEBUG:colcon.colcon_parallel_executor.executor.parallel:loop closed
[3.241s] DEBUG:colcon.colcon_parallel_executor.executor.parallel:run_until_complete finished with '0'
[3.241s] DEBUG:colcon.colcon_core.event_reactor:joining thread
[3.248s] INFO:colcon.colcon_core.plugin_system:Skipping extension 'colcon_notification.desktop_notification.notify_send': Could not find 'notify-send'
[3.248s] INFO:colcon.colcon_core.plugin_system:Skipping extension 'colcon_notification.desktop_notification.terminal_notifier': Not used on non-Darwin systems
[3.248s] INFO:colcon.colcon_core.plugin_system:Skipping extension 'colcon_notification.desktop_notification.win32': Not used on non-Windows systems
[3.248s] INFO:colcon.colcon_notification.desktop_notification:Sending desktop notification using 'notify2'
[3.262s] DEBUG:colcon.colcon_notification.desktop_notification.notify2:Failed to initialize notify2: org.freedesktop.DBus.Error.ServiceUnknown: The name org.freedesktop.Notifications was not provided by any .service files
[3.262s] DEBUG:colcon.colcon_core.event_reactor:joined thread
[3.262s] INFO:colcon.colcon_core.shell:Creating prefix script '/workspace/ros2_ws/src/airhockey2025/install/local_setup.ps1'
[3.263s] INFO:colcon.colcon_core.shell:Creating prefix util module '/workspace/ros2_ws/src/airhockey2025/install/_local_setup_util_ps1.py'
[3.264s] INFO:colcon.colcon_core.shell:Creating prefix chain script '/workspace/ros2_ws/src/airhockey2025/install/setup.ps1'
[3.265s] INFO:colcon.colcon_core.shell:Creating prefix script '/workspace/ros2_ws/src/airhockey2025/install/local_setup.sh'
[3.266s] INFO:colcon.colcon_core.shell:Creating prefix util module '/workspace/ros2_ws/src/airhockey2025/install/_local_setup_util_sh.py'
[3.266s] INFO:colcon.colcon_core.shell:Creating prefix chain script '/workspace/ros2_ws/src/airhockey2025/install/setup.sh'
[3.267s] INFO:colcon.colcon_core.shell:Creating prefix script '/workspace/ros2_ws/src/airhockey2025/install/local_setup.bash'
[3.267s] INFO:colcon.colcon_core.shell:Creating prefix chain script '/workspace/ros2_ws/src/airhockey2025/install/setup.bash'
[3.268s] INFO:colcon.colcon_core.shell:Creating prefix script '/workspace/ros2_ws/src/airhockey2025/install/local_setup.zsh'
[3.269s] INFO:colcon.colcon_core.shell:Creating prefix chain script '/workspace/ros2_ws/src/airhockey2025/install/setup.zsh'
