[0.013s] Invoking command in '/workspace/ros2_ws/build/crane_x7_description': CMAKE_PREFIX_PATH=/opt/ros/foxy /usr/bin/cmake /workspace/ros2_ws/src/crane_x7_description -DAMENT_CMAKE_SYMLINK_INSTALL=1 -DCMAKE_INSTALL_PREFIX=/workspace/ros2_ws/install/crane_x7_description
[0.106s] -- The C compiler identification is GNU 9.4.0
[0.164s] -- The CXX compiler identification is GNU 9.4.0
[0.168s] -- Check for working C compiler: /usr/bin/cc
[0.249s] -- Check for working C compiler: /usr/bin/cc -- works
[0.250s] -- Detecting C compiler ABI info
[0.329s] -- Detecting C compiler ABI info - done
[0.340s] -- Detecting C compile features
[0.340s] -- Detecting C compile features - done
[0.343s] -- Check for working CXX compiler: /usr/bin/c++
[0.437s] -- Check for working CXX compiler: /usr/bin/c++ -- works
[0.437s] -- Detecting CXX compiler ABI info
[0.529s] -- Detecting CXX compiler ABI info - done
[0.541s] -- Detecting CXX compile features
[0.541s] -- Detecting CXX compile features - done
[0.544s] -- Found ament_cmake: 0.9.12 (/opt/ros/foxy/share/ament_cmake/cmake)
[0.569s] -- Found PythonInterp: /usr/bin/python3 (found suitable version "3.8.10", minimum required is "3") 
[0.569s] -- Using PYTHON_EXECUTABLE: /usr/bin/python3
[0.729s] -- Override CMake install command with custom implementation using symlinks instead of copying resources
[0.786s] -- Found ament_lint_auto: 0.9.8 (/opt/ros/foxy/share/ament_lint_auto/cmake)
[1.360s] -- Added test 'flake8' to check Python code syntax and style conventions
[1.363s] -- Added test 'lint_cmake' to check CMake code style
[1.365s] -- Added test 'pep257' to check Python code against some of the style conventions in PEP 257
[1.378s] -- Added test 'xmllint' to check XML markup files
[1.382s] -- Configuring done
[1.384s] -- Generating done
[1.386s] -- Build files have been written to: /workspace/ros2_ws/build/crane_x7_description
[1.392s] Invoked command in '/workspace/ros2_ws/build/crane_x7_description' returned '0': CMAKE_PREFIX_PATH=/opt/ros/foxy /usr/bin/cmake /workspace/ros2_ws/src/crane_x7_description -DAMENT_CMAKE_SYMLINK_INSTALL=1 -DCMAKE_INSTALL_PREFIX=/workspace/ros2_ws/install/crane_x7_description
[1.395s] Invoking command in '/workspace/ros2_ws/build/crane_x7_description': CMAKE_PREFIX_PATH=/opt/ros/foxy /usr/bin/cmake --build /workspace/ros2_ws/build/crane_x7_description -- -j64 -l64
[1.445s] Invoked command in '/workspace/ros2_ws/build/crane_x7_description' returned '0': CMAKE_PREFIX_PATH=/opt/ros/foxy /usr/bin/cmake --build /workspace/ros2_ws/build/crane_x7_description -- -j64 -l64
[1.460s] Invoking command in '/workspace/ros2_ws/build/crane_x7_description': CMAKE_PREFIX_PATH=/opt/ros/foxy /usr/bin/cmake --install /workspace/ros2_ws/build/crane_x7_description
[1.470s] -- Install configuration: ""
[1.470s] -- Execute custom install script
[1.471s] -- Symlinking: /workspace/ros2_ws/install/crane_x7_description/share/crane_x7_description//config/dummy_controllers.yaml
[1.482s] -- Symlinking: /workspace/ros2_ws/install/crane_x7_description/share/crane_x7_description//launch/display.launch.py
[1.493s] -- Symlinking: /workspace/ros2_ws/install/crane_x7_description/share/crane_x7_description//launch/display.rviz
[1.503s] -- Symlinking: /workspace/ros2_ws/install/crane_x7_description/share/crane_x7_description//meshes/collision/base_fixed_part.skp
[1.514s] -- Symlinking: /workspace/ros2_ws/install/crane_x7_description/share/crane_x7_description//meshes/collision/base_fixed_part.stl
[1.525s] -- Symlinking: /workspace/ros2_ws/install/crane_x7_description/share/crane_x7_description//meshes/collision/mounting_plate.skp
[1.535s] -- Symlinking: /workspace/ros2_ws/install/crane_x7_description/share/crane_x7_description//meshes/collision/mounting_plate.stl
[1.544s] -- Symlinking: /workspace/ros2_ws/install/crane_x7_description/share/crane_x7_description//meshes/collision/rotating_link_type_1_fixed_part.skp
[1.554s] -- Symlinking: /workspace/ros2_ws/install/crane_x7_description/share/crane_x7_description//meshes/collision/rotating_link_type_1_fixed_part.stl
[1.564s] -- Symlinking: /workspace/ros2_ws/install/crane_x7_description/share/crane_x7_description//meshes/collision/rotating_link_type_1_revolute_part.skp
[1.574s] -- Symlinking: /workspace/ros2_ws/install/crane_x7_description/share/crane_x7_description//meshes/collision/rotating_link_type_1_revolute_part.stl
[1.584s] -- Symlinking: /workspace/ros2_ws/install/crane_x7_description/share/crane_x7_description//meshes/collision/rotating_link_type_2_fixed_part.skp
[1.594s] -- Symlinking: /workspace/ros2_ws/install/crane_x7_description/share/crane_x7_description//meshes/collision/rotating_link_type_2_fixed_part.stl
[1.604s] -- Symlinking: /workspace/ros2_ws/install/crane_x7_description/share/crane_x7_description//meshes/collision/rotating_link_type_2_revolute_part.skp
[1.613s] -- Symlinking: /workspace/ros2_ws/install/crane_x7_description/share/crane_x7_description//meshes/collision/rotating_link_type_2_revolute_part.stl
[1.623s] -- Symlinking: /workspace/ros2_ws/install/crane_x7_description/share/crane_x7_description//meshes/collision/wide_two_finger_gripper_actuator.skp
[1.633s] -- Symlinking: /workspace/ros2_ws/install/crane_x7_description/share/crane_x7_description//meshes/collision/wide_two_finger_gripper_actuator.stl
[1.643s] -- Symlinking: /workspace/ros2_ws/install/crane_x7_description/share/crane_x7_description//meshes/collision/wide_two_finger_gripper_finger_a.skp
[1.653s] -- Symlinking: /workspace/ros2_ws/install/crane_x7_description/share/crane_x7_description//meshes/collision/wide_two_finger_gripper_finger_a.stl
[1.662s] -- Symlinking: /workspace/ros2_ws/install/crane_x7_description/share/crane_x7_description//meshes/collision/wide_two_finger_gripper_finger_b.skp
[1.672s] -- Symlinking: /workspace/ros2_ws/install/crane_x7_description/share/crane_x7_description//meshes/collision/wide_two_finger_gripper_finger_b.stl
[1.682s] -- Symlinking: /workspace/ros2_ws/install/crane_x7_description/share/crane_x7_description//meshes/collision/wrist.skp
[1.692s] -- Symlinking: /workspace/ros2_ws/install/crane_x7_description/share/crane_x7_description//meshes/collision/wrist.stl
[1.702s] -- Symlinking: /workspace/ros2_ws/install/crane_x7_description/share/crane_x7_description//meshes/visual/base_fixed_part.stl
[1.712s] -- Symlinking: /workspace/ros2_ws/install/crane_x7_description/share/crane_x7_description//meshes/visual/base_revolute_part.stl
[1.722s] -- Symlinking: /workspace/ros2_ws/install/crane_x7_description/share/crane_x7_description//meshes/visual/joint_cover.stl
[1.736s] -- Symlinking: /workspace/ros2_ws/install/crane_x7_description/share/crane_x7_description//meshes/visual/mounting_plate.stl
[1.746s] -- Symlinking: /workspace/ros2_ws/install/crane_x7_description/share/crane_x7_description//meshes/visual/rotating_link_type_1_fixed_part.stl
[1.756s] -- Symlinking: /workspace/ros2_ws/install/crane_x7_description/share/crane_x7_description//meshes/visual/rotating_link_type_1_revolute_part.stl
[1.766s] -- Symlinking: /workspace/ros2_ws/install/crane_x7_description/share/crane_x7_description//meshes/visual/rotating_link_type_2_fixed_part.stl
[1.776s] -- Symlinking: /workspace/ros2_ws/install/crane_x7_description/share/crane_x7_description//meshes/visual/rotating_link_type_2_revolute_part.stl
[1.785s] -- Symlinking: /workspace/ros2_ws/install/crane_x7_description/share/crane_x7_description//meshes/visual/rtcorp_logo_name.stl
[1.795s] -- Symlinking: /workspace/ros2_ws/install/crane_x7_description/share/crane_x7_description//meshes/visual/rtcorp_logo_rabbit.stl
[1.805s] -- Symlinking: /workspace/ros2_ws/install/crane_x7_description/share/crane_x7_description//meshes/visual/wide_two_finger_gripper_actuator.stl
[1.815s] -- Symlinking: /workspace/ros2_ws/install/crane_x7_description/share/crane_x7_description//meshes/visual/wide_two_finger_gripper_finger_a.stl
[1.825s] -- Symlinking: /workspace/ros2_ws/install/crane_x7_description/share/crane_x7_description//meshes/visual/wide_two_finger_gripper_finger_b.stl
[1.834s] -- Symlinking: /workspace/ros2_ws/install/crane_x7_description/share/crane_x7_description//meshes/visual/wrist.stl
[1.844s] -- Symlinking: /workspace/ros2_ws/install/crane_x7_description/share/crane_x7_description//urdf/crane_x7.gazebo.xacro
[1.853s] -- Symlinking: /workspace/ros2_ws/install/crane_x7_description/share/crane_x7_description//urdf/crane_x7.gazebo_ros2_control.xacro
[1.863s] -- Symlinking: /workspace/ros2_ws/install/crane_x7_description/share/crane_x7_description//urdf/crane_x7.ros2_control.xacro
[1.873s] -- Symlinking: /workspace/ros2_ws/install/crane_x7_description/share/crane_x7_description//urdf/crane_x7.urdf.xacro
[1.883s] -- Symlinking: /workspace/ros2_ws/install/crane_x7_description/share/crane_x7_description//urdf/crane_x7.xacro
[1.893s] -- Symlinking: /workspace/ros2_ws/install/crane_x7_description/share/crane_x7_description//urdf/crane_x7_arm.xacro
[1.902s] -- Symlinking: /workspace/ros2_ws/install/crane_x7_description/share/crane_x7_description//urdf/crane_x7_mounting_plate.xacro
[1.912s] -- Symlinking: /workspace/ros2_ws/install/crane_x7_description/share/crane_x7_description//urdf/crane_x7_rt_logos.xacro
[1.922s] -- Symlinking: /workspace/ros2_ws/install/crane_x7_description/share/crane_x7_description//urdf/crane_x7_wide_two_finger_gripper.xacro
[1.932s] -- Symlinking: /workspace/ros2_ws/install/crane_x7_description/share/crane_x7_description/environment/pythonpath.sh
[1.942s] -- Symlinking: /workspace/ros2_ws/install/crane_x7_description/share/crane_x7_description/environment/pythonpath.dsv
[1.952s] -- Symlinking: /workspace/ros2_ws/install/crane_x7_description/lib/python3.8/site-packages/crane_x7_description/__init__.py
[1.962s] -- Symlinking: /workspace/ros2_ws/install/crane_x7_description/lib/python3.8/site-packages/crane_x7_description/robot_description_loader.py
[1.972s] -- Symlinking: /workspace/ros2_ws/install/crane_x7_description/lib/crane_x7_description/robot_description_loader.py
[1.982s] -- Symlinking: /workspace/ros2_ws/install/crane_x7_description/share/ament_index/resource_index/package_run_dependencies/crane_x7_description
[1.993s] -- Symlinking: /workspace/ros2_ws/install/crane_x7_description/share/ament_index/resource_index/parent_prefix_path/crane_x7_description
[2.002s] -- Symlinking: /workspace/ros2_ws/install/crane_x7_description/share/crane_x7_description/environment/ament_prefix_path.sh
[2.014s] -- Symlinking: /workspace/ros2_ws/install/crane_x7_description/share/crane_x7_description/environment/ament_prefix_path.dsv
[2.024s] -- Symlinking: /workspace/ros2_ws/install/crane_x7_description/share/crane_x7_description/environment/path.sh
[2.033s] -- Symlinking: /workspace/ros2_ws/install/crane_x7_description/share/crane_x7_description/environment/path.dsv
[2.042s] -- Symlinking: /workspace/ros2_ws/install/crane_x7_description/share/crane_x7_description/local_setup.bash
[2.052s] -- Symlinking: /workspace/ros2_ws/install/crane_x7_description/share/crane_x7_description/local_setup.sh
[2.062s] -- Symlinking: /workspace/ros2_ws/install/crane_x7_description/share/crane_x7_description/local_setup.zsh
[2.072s] -- Symlinking: /workspace/ros2_ws/install/crane_x7_description/share/crane_x7_description/local_setup.dsv
[2.082s] -- Symlinking: /workspace/ros2_ws/install/crane_x7_description/share/crane_x7_description/package.dsv
[2.092s] -- Symlinking: /workspace/ros2_ws/install/crane_x7_description/share/ament_index/resource_index/packages/crane_x7_description
[2.102s] -- Symlinking: /workspace/ros2_ws/install/crane_x7_description/share/crane_x7_description/cmake/crane_x7_descriptionConfig.cmake
[2.112s] -- Symlinking: /workspace/ros2_ws/install/crane_x7_description/share/crane_x7_description/cmake/crane_x7_descriptionConfig-version.cmake
[2.122s] -- Symlinking: /workspace/ros2_ws/install/crane_x7_description/share/crane_x7_description/package.xml
[2.160s] Listing '/workspace/ros2_ws/install/crane_x7_description/lib/python3.8/site-packages/crane_x7_description'...
[2.160s] Compiling '/workspace/ros2_ws/install/crane_x7_description/lib/python3.8/site-packages/crane_x7_description/__init__.py'...
[2.160s] Compiling '/workspace/ros2_ws/install/crane_x7_description/lib/python3.8/site-packages/crane_x7_description/robot_description_loader.py'...
[2.166s] Invoked command in '/workspace/ros2_ws/build/crane_x7_description' returned '0': CMAKE_PREFIX_PATH=/opt/ros/foxy /usr/bin/cmake --install /workspace/ros2_ws/build/crane_x7_description
